2020-07-22 13:47:01,760 INFO o.a.j.u.JMeterUtils: Setting Locale to en_EN
2020-07-22 13:47:01,807 INFO o.a.j.JMeter: Loading user properties from: /usr/local/Cellar/jmeter/5.3/libexec/bin/user.properties
2020-07-22 13:47:01,808 INFO o.a.j.JMeter: Loading system properties from: /usr/local/Cellar/jmeter/5.3/libexec/bin/system.properties
2020-07-22 13:47:01,810 INFO o.a.j.JMeter: Copyright (c) 1998-2020 The Apache Software Foundation
2020-07-22 13:47:01,810 INFO o.a.j.JMeter: Version 5.3
2020-07-22 13:47:01,810 INFO o.a.j.JMeter: java.version=14.0.1
2020-07-22 13:47:01,810 INFO o.a.j.JMeter: java.vm.name=Java HotSpot(TM) 64-Bit Server VM
2020-07-22 13:47:01,810 INFO o.a.j.JMeter: os.name=Mac OS X
2020-07-22 13:47:01,810 INFO o.a.j.JMeter: os.arch=x86_64
2020-07-22 13:47:01,810 INFO o.a.j.JMeter: os.version=10.15.6
2020-07-22 13:47:01,810 INFO o.a.j.JMeter: file.encoding=UTF-8
2020-07-22 13:47:01,810 INFO o.a.j.JMeter: java.awt.headless=null
2020-07-22 13:47:01,810 INFO o.a.j.JMeter: Max memory     =1073741824
2020-07-22 13:47:01,810 INFO o.a.j.JMeter: Available Processors =8
2020-07-22 13:47:01,822 INFO o.a.j.JMeter: Default Locale=English (EN)
2020-07-22 13:47:01,822 INFO o.a.j.JMeter: JMeter  Locale=English (EN)
2020-07-22 13:47:01,822 INFO o.a.j.JMeter: JMeterHome=/usr/local/Cellar/jmeter/5.3/libexec
2020-07-22 13:47:01,822 INFO o.a.j.JMeter: user.dir  =/Users/dhani/Documents/Pribadi/Belajar/Elixir/livedata
2020-07-22 13:47:01,823 INFO o.a.j.JMeter: PWD       =/Users/dhani/Documents/Pribadi/Belajar/Elixir/livedata
2020-07-22 13:47:01,824 INFO o.a.j.JMeter: IP: 127.0.0.1 Name: Muhammads-MacBook-Pro.local FullName: localhost
2020-07-22 13:47:02,252 INFO o.a.j.JMeter: Setting LAF to: com.github.weisj.darklaf.DarkLaf:com.github.weisj.darklaf.theme.DarculaTheme
2020-07-22 13:47:03,366 INFO o.a.j.JMeter: Loaded icon properties from org/apache/jmeter/images/icon.properties
2020-07-22 13:47:04,430 INFO o.j.r.JARSourceHTTP: Requesting https://jmeter-plugins.org/repo/?installID=mac_os_x-edf732c02824f92120257c2bc154a113-gui
2020-07-22 13:47:05,703 WARN o.j.r.PluginManagerMenuItem: Failed to load plugin updates info
java.net.UnknownHostException: jmeter-plugins.org: nodename nor servname provided, or not known
	at java.net.Inet6AddressImpl.lookupAllHostAddr(Native Method) ~[?:?]
	at java.net.InetAddress$PlatformNameService.lookupAllHostAddr(InetAddress.java:932) ~[?:?]
	at java.net.InetAddress.getAddressesFromNameService(InetAddress.java:1505) ~[?:?]
	at java.net.InetAddress$NameServiceAddresses.get(InetAddress.java:851) ~[?:?]
	at java.net.InetAddress.getAllByName0(InetAddress.java:1495) ~[?:?]
	at java.net.InetAddress.getAllByName(InetAddress.java:1354) ~[?:?]
	at java.net.InetAddress.getAllByName(InetAddress.java:1288) ~[?:?]
	at org.apache.http.impl.conn.SystemDefaultDnsResolver.resolve(SystemDefaultDnsResolver.java:45) ~[httpclient-4.5.12.jar:4.5.12]
	at org.apache.http.impl.conn.DefaultClientConnectionOperator.resolveHostname(DefaultClientConnectionOperator.java:263) ~[httpclient-4.5.12.jar:4.5.12]
	at org.apache.http.impl.conn.DefaultClientConnectionOperator.openConnection(DefaultClientConnectionOperator.java:162) ~[httpclient-4.5.12.jar:4.5.12]
	at org.apache.http.impl.conn.ManagedClientConnectionImpl.open(ManagedClientConnectionImpl.java:326) ~[httpclient-4.5.12.jar:4.5.12]
	at org.apache.http.impl.client.DefaultRequestDirector.tryConnect(DefaultRequestDirector.java:605) ~[httpclient-4.5.12.jar:4.5.12]
	at org.apache.http.impl.client.DefaultRequestDirector.execute(DefaultRequestDirector.java:440) ~[httpclient-4.5.12.jar:4.5.12]
	at org.apache.http.impl.client.AbstractHttpClient.doExecute(AbstractHttpClient.java:835) ~[httpclient-4.5.12.jar:4.5.12]
	at org.apache.http.impl.client.CloseableHttpClient.execute(CloseableHttpClient.java:83) ~[httpclient-4.5.12.jar:4.5.12]
	at org.apache.http.impl.client.CloseableHttpClient.execute(CloseableHttpClient.java:56) ~[httpclient-4.5.12.jar:4.5.12]
	at org.jmeterplugins.repository.JARSourceHTTP.execute(JARSourceHTTP.java:499) ~[jmeter-plugins-manager-1.3.jar:?]
	at org.jmeterplugins.repository.JARSourceHTTP.execute(JARSourceHTTP.java:494) ~[jmeter-plugins-manager-1.3.jar:?]
	at org.jmeterplugins.repository.JARSourceHTTP.getJSON(JARSourceHTTP.java:152) ~[jmeter-plugins-manager-1.3.jar:?]
	at org.jmeterplugins.repository.JARSourceHTTP.getRepositories(JARSourceHTTP.java:276) ~[jmeter-plugins-manager-1.3.jar:?]
	at org.jmeterplugins.repository.JARSourceHTTP.getRepo(JARSourceHTTP.java:304) ~[jmeter-plugins-manager-1.3.jar:?]
	at org.jmeterplugins.repository.PluginManager.load(PluginManager.java:71) ~[jmeter-plugins-manager-1.3.jar:?]
	at org.jmeterplugins.repository.PluginManagerMenuItem$1.run(PluginManagerMenuItem.java:41) [jmeter-plugins-manager-1.3.jar:?]
2020-07-22 13:47:27,692 INFO o.a.j.s.FileServer: Default base='/Users/dhani/Documents/Pribadi/Belajar/Elixir/livedata'
2020-07-22 13:47:27,696 INFO o.a.j.g.a.Load: Loading file: /Users/dhani/Documents/Work/LP/Transaksi.jmx
2020-07-22 13:47:27,696 INFO o.a.j.s.FileServer: Set new base='/Users/dhani/Documents/Work/LP'
2020-07-22 13:47:27,845 INFO o.a.j.s.SaveService: Testplan (JMX) version: 2.2. Testlog (JTL) version: 2.2
2020-07-22 13:47:27,855 INFO o.a.j.s.SaveService: Using SaveService properties version 5.0
2020-07-22 13:47:27,856 INFO o.a.j.s.SaveService: Using SaveService properties file encoding UTF-8
2020-07-22 13:47:27,857 INFO o.a.j.s.SaveService: Loading file: /Users/dhani/Documents/Work/LP/Transaksi.jmx
2020-07-22 13:47:27,979 INFO o.a.j.p.h.s.HTTPSamplerBase: Parser for text/html is org.apache.jmeter.protocol.http.parser.LagartoBasedHtmlParser
2020-07-22 13:47:27,979 INFO o.a.j.p.h.s.HTTPSamplerBase: Parser for application/xhtml+xml is org.apache.jmeter.protocol.http.parser.LagartoBasedHtmlParser
2020-07-22 13:47:27,979 INFO o.a.j.p.h.s.HTTPSamplerBase: Parser for application/xml is org.apache.jmeter.protocol.http.parser.LagartoBasedHtmlParser
2020-07-22 13:47:27,979 INFO o.a.j.p.h.s.HTTPSamplerBase: Parser for text/xml is org.apache.jmeter.protocol.http.parser.LagartoBasedHtmlParser
2020-07-22 13:47:27,979 INFO o.a.j.p.h.s.HTTPSamplerBase: Parser for text/vnd.wap.wml is org.apache.jmeter.protocol.http.parser.RegexpHTMLParser
2020-07-22 13:47:27,979 INFO o.a.j.p.h.s.HTTPSamplerBase: Parser for text/css is org.apache.jmeter.protocol.http.parser.CssParser
2020-07-22 13:47:28,120 INFO o.a.j.s.SampleResult: Note: Sample TimeStamps are START times
2020-07-22 13:47:28,120 INFO o.a.j.s.SampleResult: sampleresult.default.encoding is set to ISO-8859-1
2020-07-22 13:47:28,120 INFO o.a.j.s.SampleResult: sampleresult.useNanoTime=true
2020-07-22 13:47:28,120 INFO o.a.j.s.SampleResult: sampleresult.nanoThreadSleep=5000
2020-07-22 13:47:28,281 INFO o.a.j.v.ViewResultsFullVisualizer: Add JavaFX to your Java installation if you want to use renderer: org.apache.jmeter.visualizers.RenderInBrowser
2020-07-22 13:47:28,364 INFO o.a.j.s.FileServer: Set new base='/Users/dhani/Documents/Work/LP'
2020-07-22 13:49:49,088 INFO o.a.j.e.StandardJMeterEngine: Running the test!
2020-07-22 13:49:49,090 INFO o.a.j.s.SampleEvent: List of sample_variables: []
2020-07-22 13:49:49,090 INFO o.a.j.s.SampleEvent: List of sample_variables: []
2020-07-22 13:49:49,092 INFO o.a.j.e.u.CompoundVariable: Note: Function class names must contain the string: '.functions.'
2020-07-22 13:49:49,092 INFO o.a.j.e.u.CompoundVariable: Note: Function class names must not contain the string: '.gui.'
2020-07-22 13:49:49,393 INFO o.a.j.g.u.JMeterMenuBar: setRunning(true, *local*)
2020-07-22 13:49:49,409 INFO o.a.j.e.StandardJMeterEngine: Starting ThreadGroup: 1 : Thread Group
2020-07-22 13:49:49,409 INFO o.a.j.e.StandardJMeterEngine: Starting 20 threads for group Thread Group.
2020-07-22 13:49:49,410 INFO o.a.j.e.StandardJMeterEngine: Thread will continue on error
2020-07-22 13:49:49,411 INFO o.a.j.t.ThreadGroup: Starting thread group... number=1 threads=20 ramp-up=1 delayedStart=false
2020-07-22 13:49:49,417 INFO o.a.j.t.JMeterThread: Thread started: Thread Group 1-1
2020-07-22 13:49:49,424 INFO o.a.j.t.ThreadGroup: Started thread group number 1
2020-07-22 13:49:49,424 INFO o.a.j.e.StandardJMeterEngine: Starting ThreadGroup: 2 : Thread Group
2020-07-22 13:49:49,425 INFO o.a.j.e.StandardJMeterEngine: Starting 1 threads for group Thread Group.
2020-07-22 13:49:49,425 INFO o.a.j.e.StandardJMeterEngine: Thread will continue on error
2020-07-22 13:49:49,425 INFO o.a.j.t.ThreadGroup: Starting thread group... number=2 threads=1 ramp-up=1 delayedStart=false
2020-07-22 13:49:49,425 INFO o.a.j.t.ThreadGroup: Started thread group number 2
2020-07-22 13:49:49,425 INFO o.a.j.e.StandardJMeterEngine: All thread groups have been started
2020-07-22 13:49:49,425 INFO o.a.j.t.JMeterThread: Thread started: Thread Group 2-1
2020-07-22 13:49:49,428 INFO o.a.j.p.h.s.HTTPHCAbstractImpl: Local host = Muhammads-MacBook-Pro.local
2020-07-22 13:49:49,436 INFO o.a.j.p.h.s.HTTPHC4Impl: HTTP request retry count = 0
2020-07-22 13:49:49,466 INFO o.a.j.t.JMeterThread: Thread started: Thread Group 1-2
2020-07-22 13:49:49,518 INFO o.a.j.t.JMeterThread: Thread started: Thread Group 1-3
2020-07-22 13:49:49,565 INFO o.a.j.t.JMeterThread: Thread started: Thread Group 1-4
2020-07-22 13:49:49,614 INFO o.a.j.t.JMeterThread: Thread started: Thread Group 1-5
2020-07-22 13:49:49,664 INFO o.a.j.t.JMeterThread: Thread started: Thread Group 1-6
2020-07-22 13:49:49,714 INFO o.a.j.t.JMeterThread: Thread started: Thread Group 1-7
2020-07-22 13:49:49,763 INFO o.a.j.t.JMeterThread: Thread started: Thread Group 1-8
2020-07-22 13:49:49,814 INFO o.a.j.t.JMeterThread: Thread started: Thread Group 1-9
2020-07-22 13:49:49,864 INFO o.a.j.t.JMeterThread: Thread started: Thread Group 1-10
2020-07-22 13:49:49,913 INFO o.a.j.t.JMeterThread: Thread started: Thread Group 1-11
2020-07-22 13:49:49,933 INFO o.a.j.t.JMeterThread: Thread is done: Thread Group 2-1
2020-07-22 13:49:49,933 INFO o.a.j.t.JMeterThread: Thread finished: Thread Group 2-1
2020-07-22 13:49:49,963 INFO o.a.j.t.JMeterThread: Thread started: Thread Group 1-12
2020-07-22 13:49:50,017 INFO o.a.j.t.JMeterThread: Thread started: Thread Group 1-13
2020-07-22 13:49:50,066 INFO o.a.j.t.JMeterThread: Thread started: Thread Group 1-14
2020-07-22 13:49:50,113 INFO o.a.j.t.JMeterThread: Thread started: Thread Group 1-15
2020-07-22 13:49:50,168 INFO o.a.j.t.JMeterThread: Thread started: Thread Group 1-16
2020-07-22 13:49:50,215 INFO o.a.j.t.JMeterThread: Thread started: Thread Group 1-17
2020-07-22 13:49:50,263 INFO o.a.j.t.JMeterThread: Thread started: Thread Group 1-18
2020-07-22 13:49:50,315 INFO o.a.j.t.JMeterThread: Thread started: Thread Group 1-19
2020-07-22 13:49:50,362 INFO o.a.j.t.JMeterThread: Thread started: Thread Group 1-20
2020-07-22 13:49:58,911 INFO o.a.j.g.a.Start: Stopping test
2020-07-22 13:49:58,926 INFO o.a.j.t.JMeterThread: Stopping: Thread Group 1-14
2020-07-22 13:49:58,927 WARN o.a.j.t.JMeterThread: Interrupting: Thread Group 1-14 sampler: Transaksi
2020-07-22 13:49:58,931 INFO o.a.j.t.JMeterThread: Stopping: Thread Group 1-16
2020-07-22 13:49:58,931 WARN o.a.j.t.JMeterThread: Interrupting: Thread Group 1-16 sampler: Transaksi
2020-07-22 13:49:58,931 INFO o.a.j.t.JMeterThread: Stopping: Thread Group 1-18
2020-07-22 13:49:58,932 WARN o.a.j.t.JMeterThread: Interrupting: Thread Group 1-18 sampler: Transaksi
2020-07-22 13:49:58,932 INFO o.a.j.t.JMeterThread: Stopping: Thread Group 1-2
2020-07-22 13:49:58,932 INFO o.a.j.t.JMeterThread: Thread finished: Thread Group 1-16
2020-07-22 13:49:58,932 INFO o.a.j.t.JMeterThread: Thread finished: Thread Group 1-14
2020-07-22 13:49:58,932 WARN o.a.j.t.JMeterThread: Interrupting: Thread Group 1-2 sampler: Transaksi
2020-07-22 13:49:58,933 INFO o.a.j.t.JMeterThread: Stopping: Thread Group 1-3
2020-07-22 13:49:58,933 INFO o.a.j.t.JMeterThread: Thread finished: Thread Group 1-18
2020-07-22 13:49:58,933 WARN o.a.j.t.JMeterThread: Interrupting: Thread Group 1-3 sampler: Transaksi
2020-07-22 13:49:58,933 INFO o.a.j.t.JMeterThread: Stopping: Thread Group 1-7
2020-07-22 13:49:58,934 INFO o.a.j.t.JMeterThread: Thread finished: Thread Group 1-2
2020-07-22 13:49:58,934 WARN o.a.j.t.JMeterThread: Interrupting: Thread Group 1-7 sampler: Transaksi
2020-07-22 13:49:58,935 INFO o.a.j.t.JMeterThread: Stopping: Thread Group 1-12
2020-07-22 13:49:58,935 INFO o.a.j.t.JMeterThread: Thread finished: Thread Group 1-3
2020-07-22 13:49:58,936 WARN o.a.j.t.JMeterThread: Interrupting: Thread Group 1-12 sampler: Transaksi
2020-07-22 13:49:58,936 INFO o.a.j.t.JMeterThread: Stopping: Thread Group 1-9
2020-07-22 13:49:58,937 WARN o.a.j.t.JMeterThread: Interrupting: Thread Group 1-9 sampler: Transaksi
2020-07-22 13:49:58,937 INFO o.a.j.t.JMeterThread: Thread finished: Thread Group 1-7
2020-07-22 13:49:58,937 INFO o.a.j.t.JMeterThread: Thread finished: Thread Group 1-12
2020-07-22 13:49:58,937 INFO o.a.j.t.JMeterThread: Stopping: Thread Group 1-10
2020-07-22 13:49:58,937 WARN o.a.j.t.JMeterThread: Interrupting: Thread Group 1-10 sampler: Transaksi
2020-07-22 13:49:58,938 INFO o.a.j.t.JMeterThread: Stopping: Thread Group 1-20
2020-07-22 13:49:58,938 WARN o.a.j.t.JMeterThread: Interrupting: Thread Group 1-20 sampler: Transaksi
2020-07-22 13:49:58,938 INFO o.a.j.t.JMeterThread: Thread finished: Thread Group 1-9
2020-07-22 13:49:58,938 INFO o.a.j.t.JMeterThread: Thread finished: Thread Group 1-10
2020-07-22 13:49:58,938 INFO o.a.j.t.JMeterThread: Stopping: Thread Group 1-4
2020-07-22 13:49:58,938 WARN o.a.j.t.JMeterThread: Interrupting: Thread Group 1-4 sampler: Transaksi
2020-07-22 13:49:58,939 INFO o.a.j.t.JMeterThread: Stopping: Thread Group 1-1
2020-07-22 13:49:58,939 INFO o.a.j.t.JMeterThread: Thread finished: Thread Group 1-20
2020-07-22 13:49:58,939 WARN o.a.j.t.JMeterThread: Interrupting: Thread Group 1-1 sampler: Transaksi
2020-07-22 13:49:58,939 INFO o.a.j.t.JMeterThread: Stopping: Thread Group 1-5
2020-07-22 13:49:58,939 INFO o.a.j.t.JMeterThread: Thread finished: Thread Group 1-4
2020-07-22 13:49:58,940 WARN o.a.j.t.JMeterThread: Interrupting: Thread Group 1-5 sampler: Transaksi
2020-07-22 13:49:58,940 INFO o.a.j.t.JMeterThread: Stopping: Thread Group 1-8
2020-07-22 13:49:58,940 INFO o.a.j.t.JMeterThread: Thread finished: Thread Group 1-1
2020-07-22 13:49:58,940 WARN o.a.j.t.JMeterThread: Interrupting: Thread Group 1-8 sampler: Transaksi
2020-07-22 13:49:58,940 INFO o.a.j.t.JMeterThread: Thread finished: Thread Group 1-5
2020-07-22 13:49:58,940 INFO o.a.j.t.JMeterThread: Stopping: Thread Group 1-6
2020-07-22 13:49:58,941 WARN o.a.j.t.JMeterThread: Interrupting: Thread Group 1-6 sampler: Transaksi
2020-07-22 13:49:58,941 INFO o.a.j.t.JMeterThread: Thread finished: Thread Group 1-8
2020-07-22 13:49:58,941 INFO o.a.j.t.JMeterThread: Stopping: Thread Group 1-17
2020-07-22 13:49:58,941 WARN o.a.j.t.JMeterThread: Interrupting: Thread Group 1-17 sampler: Transaksi
2020-07-22 13:49:58,942 INFO o.a.j.t.JMeterThread: Stopping: Thread Group 1-19
2020-07-22 13:49:58,942 WARN o.a.j.t.JMeterThread: Interrupting: Thread Group 1-19 sampler: Transaksi
2020-07-22 13:49:58,942 INFO o.a.j.t.JMeterThread: Thread finished: Thread Group 1-6
2020-07-22 13:49:58,942 INFO o.a.j.t.JMeterThread: Stopping: Thread Group 1-15
2020-07-22 13:49:58,943 INFO o.a.j.t.JMeterThread: Thread finished: Thread Group 1-17
2020-07-22 13:49:58,943 WARN o.a.j.t.JMeterThread: Interrupting: Thread Group 1-15 sampler: Transaksi
2020-07-22 13:49:58,943 INFO o.a.j.t.JMeterThread: Stopping: Thread Group 1-13
2020-07-22 13:49:58,943 INFO o.a.j.t.JMeterThread: Thread finished: Thread Group 1-19
2020-07-22 13:49:58,943 WARN o.a.j.t.JMeterThread: Interrupting: Thread Group 1-13 sampler: Transaksi
2020-07-22 13:49:58,944 INFO o.a.j.t.JMeterThread: Stopping: Thread Group 1-11
2020-07-22 13:49:58,944 INFO o.a.j.t.JMeterThread: Thread finished: Thread Group 1-15
2020-07-22 13:49:58,944 WARN o.a.j.t.JMeterThread: Interrupting: Thread Group 1-11 sampler: Transaksi
2020-07-22 13:49:58,944 INFO o.a.j.t.JMeterThread: Thread finished: Thread Group 1-13
2020-07-22 13:49:58,945 INFO o.a.j.t.JMeterThread: Thread finished: Thread Group 1-11
2020-07-22 13:49:58,946 INFO o.a.j.e.StandardJMeterEngine: Notifying test listeners of end of test
2020-07-22 13:49:58,946 INFO o.a.j.g.u.JMeterMenuBar: setRunning(false, *local*)
2020-07-22 14:03:14,541 INFO o.a.j.e.StandardJMeterEngine: Running the test!
2020-07-22 14:03:14,543 INFO o.a.j.s.SampleEvent: List of sample_variables: []
2020-07-22 14:03:14,544 INFO o.a.j.g.u.JMeterMenuBar: setRunning(true, *local*)
2020-07-22 14:03:14,605 INFO o.a.j.e.StandardJMeterEngine: Starting ThreadGroup: 1 : Thread Group
2020-07-22 14:03:14,605 INFO o.a.j.e.StandardJMeterEngine: Starting 1 threads for group Thread Group.
2020-07-22 14:03:14,606 INFO o.a.j.e.StandardJMeterEngine: Thread will continue on error
2020-07-22 14:03:14,607 INFO o.a.j.t.ThreadGroup: Starting thread group... number=1 threads=1 ramp-up=1 delayedStart=false
2020-07-22 14:03:14,609 INFO o.a.j.t.ThreadGroup: Started thread group number 1
2020-07-22 14:03:14,609 INFO o.a.j.e.StandardJMeterEngine: All thread groups have been started
2020-07-22 14:03:14,609 INFO o.a.j.t.JMeterThread: Thread started: Thread Group 1-1
2020-07-22 14:03:14,968 INFO o.a.j.t.JMeterThread: Thread is done: Thread Group 1-1
2020-07-22 14:03:14,969 INFO o.a.j.t.JMeterThread: Thread finished: Thread Group 1-1
2020-07-22 14:03:14,969 INFO o.a.j.e.StandardJMeterEngine: Notifying test listeners of end of test
2020-07-22 14:03:14,970 INFO o.a.j.g.u.JMeterMenuBar: setRunning(false, *local*)
2020-07-22 14:20:17,513 INFO o.a.j.e.StandardJMeterEngine: Running the test!
2020-07-22 14:20:17,517 INFO o.a.j.s.SampleEvent: List of sample_variables: []
2020-07-22 14:20:17,521 INFO o.a.j.g.u.JMeterMenuBar: setRunning(true, *local*)
2020-07-22 14:20:17,624 INFO o.a.j.e.StandardJMeterEngine: Starting ThreadGroup: 1 : Thread Group
2020-07-22 14:20:17,624 INFO o.a.j.e.StandardJMeterEngine: Starting 1 threads for group Thread Group.
2020-07-22 14:20:17,624 INFO o.a.j.e.StandardJMeterEngine: Thread will continue on error
2020-07-22 14:20:17,624 INFO o.a.j.t.ThreadGroup: Starting thread group... number=1 threads=1 ramp-up=1 delayedStart=false
2020-07-22 14:20:17,625 INFO o.a.j.t.ThreadGroup: Started thread group number 1
2020-07-22 14:20:17,625 INFO o.a.j.e.StandardJMeterEngine: All thread groups have been started
2020-07-22 14:20:17,625 INFO o.a.j.t.JMeterThread: Thread started: Thread Group 1-1
2020-07-22 14:20:18,000 INFO o.a.j.t.JMeterThread: Thread is done: Thread Group 1-1
2020-07-22 14:20:18,000 INFO o.a.j.t.JMeterThread: Thread finished: Thread Group 1-1
2020-07-22 14:20:18,001 INFO o.a.j.e.StandardJMeterEngine: Notifying test listeners of end of test
2020-07-22 14:20:18,001 INFO o.a.j.g.u.JMeterMenuBar: setRunning(false, *local*)
2020-07-22 14:20:50,046 INFO o.a.j.e.StandardJMeterEngine: Running the test!
2020-07-22 14:20:50,047 INFO o.a.j.s.SampleEvent: List of sample_variables: []
2020-07-22 14:20:50,048 INFO o.a.j.g.u.JMeterMenuBar: setRunning(true, *local*)
2020-07-22 14:20:50,136 INFO o.a.j.e.StandardJMeterEngine: Starting ThreadGroup: 1 : Thread Group
2020-07-22 14:20:50,136 INFO o.a.j.e.StandardJMeterEngine: Starting 1 threads for group Thread Group.
2020-07-22 14:20:50,136 INFO o.a.j.e.StandardJMeterEngine: Thread will continue on error
2020-07-22 14:20:50,136 INFO o.a.j.t.ThreadGroup: Starting thread group... number=1 threads=1 ramp-up=1 delayedStart=false
2020-07-22 14:20:50,137 INFO o.a.j.t.ThreadGroup: Started thread group number 1
2020-07-22 14:20:50,137 INFO o.a.j.e.StandardJMeterEngine: All thread groups have been started
2020-07-22 14:20:50,137 INFO o.a.j.t.JMeterThread: Thread started: Thread Group 1-1
2020-07-22 14:20:50,528 INFO o.a.j.t.JMeterThread: Thread is done: Thread Group 1-1
2020-07-22 14:20:50,529 INFO o.a.j.t.JMeterThread: Thread finished: Thread Group 1-1
2020-07-22 14:20:50,529 INFO o.a.j.e.StandardJMeterEngine: Notifying test listeners of end of test
2020-07-22 14:20:50,529 INFO o.a.j.g.u.JMeterMenuBar: setRunning(false, *local*)
2020-07-22 14:24:35,343 INFO o.a.j.e.StandardJMeterEngine: Running the test!
2020-07-22 14:24:35,344 INFO o.a.j.s.SampleEvent: List of sample_variables: []
2020-07-22 14:24:35,344 INFO o.a.j.g.u.JMeterMenuBar: setRunning(true, *local*)
2020-07-22 14:24:35,387 INFO o.a.j.e.StandardJMeterEngine: Starting ThreadGroup: 1 : Thread Group
2020-07-22 14:24:35,388 INFO o.a.j.e.StandardJMeterEngine: Starting 20 threads for group Thread Group.
2020-07-22 14:24:35,388 INFO o.a.j.e.StandardJMeterEngine: Thread will continue on error
2020-07-22 14:24:35,388 INFO o.a.j.t.ThreadGroup: Starting thread group... number=1 threads=20 ramp-up=1 delayedStart=false
2020-07-22 14:24:35,389 INFO o.a.j.t.JMeterThread: Thread started: Thread Group 1-1
2020-07-22 14:24:35,402 INFO o.a.j.t.ThreadGroup: Started thread group number 1
2020-07-22 14:24:35,403 INFO o.a.j.e.StandardJMeterEngine: Starting ThreadGroup: 2 : Thread Group
2020-07-22 14:24:35,403 INFO o.a.j.e.StandardJMeterEngine: Starting 10 threads for group Thread Group.
2020-07-22 14:24:35,403 INFO o.a.j.e.StandardJMeterEngine: Thread will continue on error
2020-07-22 14:24:35,403 INFO o.a.j.t.ThreadGroup: Starting thread group... number=2 threads=10 ramp-up=1 delayedStart=false
2020-07-22 14:24:35,404 INFO o.a.j.t.JMeterThread: Thread started: Thread Group 2-1
2020-07-22 14:24:35,407 INFO o.a.j.t.ThreadGroup: Started thread group number 2
2020-07-22 14:24:35,407 INFO o.a.j.e.StandardJMeterEngine: All thread groups have been started
2020-07-22 14:24:35,441 INFO o.a.j.t.JMeterThread: Thread started: Thread Group 1-2
2020-07-22 14:24:35,493 INFO o.a.j.t.JMeterThread: Thread started: Thread Group 1-3
2020-07-22 14:24:35,508 INFO o.a.j.t.JMeterThread: Thread started: Thread Group 2-2
2020-07-22 14:24:35,544 INFO o.a.j.t.JMeterThread: Thread started: Thread Group 1-4
2020-07-22 14:24:35,589 INFO o.a.j.t.JMeterThread: Thread started: Thread Group 1-5
2020-07-22 14:24:35,603 INFO o.a.j.t.JMeterThread: Thread started: Thread Group 2-3
2020-07-22 14:24:35,639 INFO o.a.j.t.JMeterThread: Thread started: Thread Group 1-6
2020-07-22 14:24:35,690 INFO o.a.j.t.JMeterThread: Thread started: Thread Group 1-7
2020-07-22 14:24:35,708 INFO o.a.j.t.JMeterThread: Thread started: Thread Group 2-4
2020-07-22 14:24:35,743 INFO o.a.j.t.JMeterThread: Thread started: Thread Group 1-8
2020-07-22 14:24:35,793 INFO o.a.j.t.JMeterThread: Thread started: Thread Group 1-9
2020-07-22 14:24:35,804 INFO o.a.j.t.JMeterThread: Thread started: Thread Group 2-5
2020-07-22 14:24:35,841 INFO o.a.j.t.JMeterThread: Thread started: Thread Group 1-10
2020-07-22 14:24:35,892 INFO o.a.j.t.JMeterThread: Thread started: Thread Group 1-11
2020-07-22 14:24:35,907 INFO o.a.j.t.JMeterThread: Thread started: Thread Group 2-6
2020-07-22 14:24:35,939 INFO o.a.j.t.JMeterThread: Thread started: Thread Group 1-12
2020-07-22 14:24:35,992 INFO o.a.j.t.JMeterThread: Thread started: Thread Group 1-13
2020-07-22 14:24:36,007 INFO o.a.j.t.JMeterThread: Thread started: Thread Group 2-7
2020-07-22 14:24:36,041 INFO o.a.j.t.JMeterThread: Thread started: Thread Group 1-14
2020-07-22 14:24:36,094 INFO o.a.j.t.JMeterThread: Thread started: Thread Group 1-15
2020-07-22 14:24:36,107 INFO o.a.j.t.JMeterThread: Thread started: Thread Group 2-8
2020-07-22 14:24:36,139 INFO o.a.j.t.JMeterThread: Thread started: Thread Group 1-16
2020-07-22 14:24:36,189 INFO o.a.j.t.JMeterThread: Thread started: Thread Group 1-17
2020-07-22 14:24:36,207 INFO o.a.j.t.JMeterThread: Thread started: Thread Group 2-9
2020-07-22 14:24:36,239 INFO o.a.j.t.JMeterThread: Thread started: Thread Group 1-18
2020-07-22 14:24:36,292 INFO o.a.j.t.JMeterThread: Thread started: Thread Group 1-19
2020-07-22 14:24:36,306 INFO o.a.j.t.JMeterThread: Thread started: Thread Group 2-10
2020-07-22 14:24:36,344 INFO o.a.j.t.JMeterThread: Thread started: Thread Group 1-20
2020-07-22 14:24:41,556 INFO o.a.j.t.JMeterThread: Thread is done: Thread Group 2-1
2020-07-22 14:24:41,556 INFO o.a.j.t.JMeterThread: Thread finished: Thread Group 2-1
2020-07-22 14:24:41,954 INFO o.a.j.t.JMeterThread: Thread is done: Thread Group 2-5
2020-07-22 14:24:41,954 INFO o.a.j.t.JMeterThread: Thread finished: Thread Group 2-5
2020-07-22 14:24:42,241 INFO o.a.j.t.JMeterThread: Thread is done: Thread Group 2-3
2020-07-22 14:24:42,241 INFO o.a.j.t.JMeterThread: Thread finished: Thread Group 2-3
2020-07-22 14:24:42,400 INFO o.a.j.t.JMeterThread: Thread is done: Thread Group 2-8
2020-07-22 14:24:42,400 INFO o.a.j.t.JMeterThread: Thread finished: Thread Group 2-8
2020-07-22 14:24:42,719 INFO o.a.j.t.JMeterThread: Thread is done: Thread Group 2-2
2020-07-22 14:24:42,720 INFO o.a.j.t.JMeterThread: Thread finished: Thread Group 2-2
2020-07-22 14:24:42,742 INFO o.a.j.t.JMeterThread: Thread is done: Thread Group 2-6
2020-07-22 14:24:42,742 INFO o.a.j.t.JMeterThread: Thread finished: Thread Group 2-6
2020-07-22 14:24:42,938 INFO o.a.j.t.JMeterThread: Thread is done: Thread Group 2-4
2020-07-22 14:24:42,938 INFO o.a.j.t.JMeterThread: Thread finished: Thread Group 2-4
2020-07-22 14:24:43,196 INFO o.a.j.t.JMeterThread: Thread is done: Thread Group 2-10
2020-07-22 14:24:43,196 INFO o.a.j.t.JMeterThread: Thread is done: Thread Group 2-9
2020-07-22 14:24:43,196 INFO o.a.j.t.JMeterThread: Thread finished: Thread Group 2-10
2020-07-22 14:24:43,196 INFO o.a.j.t.JMeterThread: Thread is done: Thread Group 2-7
2020-07-22 14:24:43,196 INFO o.a.j.t.JMeterThread: Thread finished: Thread Group 2-9
2020-07-22 14:24:43,196 INFO o.a.j.t.JMeterThread: Thread finished: Thread Group 2-7
2020-07-22 14:24:43,264 INFO o.a.j.g.a.Start: Stopping test
2020-07-22 14:24:43,279 INFO o.a.j.t.JMeterThread: Stopping: Thread Group 1-5
2020-07-22 14:24:43,280 WARN o.a.j.t.JMeterThread: Interrupting: Thread Group 1-5 sampler: Transaksi
2020-07-22 14:24:43,281 INFO o.a.j.t.JMeterThread: Stopping: Thread Group 1-4
2020-07-22 14:24:43,281 WARN o.a.j.t.JMeterThread: Interrupting: Thread Group 1-4 sampler: Transaksi
2020-07-22 14:24:43,282 INFO o.a.j.t.JMeterThread: Thread finished: Thread Group 1-5
2020-07-22 14:24:43,282 INFO o.a.j.t.JMeterThread: Stopping: Thread Group 1-8
2020-07-22 14:24:43,283 WARN o.a.j.t.JMeterThread: Interrupting: Thread Group 1-8 sampler: Transaksi
2020-07-22 14:24:43,284 INFO o.a.j.t.JMeterThread: Thread finished: Thread Group 1-4
2020-07-22 14:24:43,284 INFO o.a.j.t.JMeterThread: Stopping: Thread Group 1-16
2020-07-22 14:24:43,284 WARN o.a.j.t.JMeterThread: Interrupting: Thread Group 1-16 sampler: Transaksi
2020-07-22 14:24:43,284 INFO o.a.j.t.JMeterThread: Thread finished: Thread Group 1-8
2020-07-22 14:24:43,284 INFO o.a.j.t.JMeterThread: Stopping: Thread Group 1-20
2020-07-22 14:24:43,285 WARN o.a.j.t.JMeterThread: Interrupting: Thread Group 1-20 sampler: Transaksi
2020-07-22 14:24:43,285 INFO o.a.j.t.JMeterThread: Stopping: Thread Group 1-3
2020-07-22 14:24:43,285 INFO o.a.j.t.JMeterThread: Thread finished: Thread Group 1-16
2020-07-22 14:24:43,285 WARN o.a.j.t.JMeterThread: Interrupting: Thread Group 1-3 sampler: Transaksi
2020-07-22 14:24:43,286 INFO o.a.j.t.JMeterThread: Thread finished: Thread Group 1-20
2020-07-22 14:24:43,286 INFO o.a.j.t.JMeterThread: Stopping: Thread Group 1-1
2020-07-22 14:24:43,286 WARN o.a.j.t.JMeterThread: Interrupting: Thread Group 1-1 sampler: Transaksi
2020-07-22 14:24:43,287 INFO o.a.j.t.JMeterThread: Thread finished: Thread Group 1-3
2020-07-22 14:24:43,287 INFO o.a.j.t.JMeterThread: Stopping: Thread Group 1-17
2020-07-22 14:24:43,287 WARN o.a.j.t.JMeterThread: Interrupting: Thread Group 1-17 sampler: Transaksi
2020-07-22 14:24:43,287 INFO o.a.j.t.JMeterThread: Thread finished: Thread Group 1-1
2020-07-22 14:24:43,287 INFO o.a.j.t.JMeterThread: Stopping: Thread Group 1-19
2020-07-22 14:24:43,287 WARN o.a.j.t.JMeterThread: Interrupting: Thread Group 1-19 sampler: Transaksi
2020-07-22 14:24:43,288 INFO o.a.j.t.JMeterThread: Thread finished: Thread Group 1-17
2020-07-22 14:24:43,288 INFO o.a.j.t.JMeterThread: Stopping: Thread Group 1-7
2020-07-22 14:24:43,288 WARN o.a.j.t.JMeterThread: Interrupting: Thread Group 1-7 sampler: Transaksi
2020-07-22 14:24:43,288 INFO o.a.j.t.JMeterThread: Thread finished: Thread Group 1-19
2020-07-22 14:24:43,288 INFO o.a.j.t.JMeterThread: Stopping: Thread Group 1-15
2020-07-22 14:24:43,288 WARN o.a.j.t.JMeterThread: Interrupting: Thread Group 1-15 sampler: Transaksi
2020-07-22 14:24:43,289 INFO o.a.j.t.JMeterThread: Stopping: Thread Group 1-14
2020-07-22 14:24:43,289 INFO o.a.j.t.JMeterThread: Thread finished: Thread Group 1-7
2020-07-22 14:24:43,289 WARN o.a.j.t.JMeterThread: Interrupting: Thread Group 1-14 sampler: Transaksi
2020-07-22 14:24:43,289 INFO o.a.j.t.JMeterThread: Thread finished: Thread Group 1-15
2020-07-22 14:24:43,289 INFO o.a.j.t.JMeterThread: Stopping: Thread Group 1-12
2020-07-22 14:24:43,289 WARN o.a.j.t.JMeterThread: Interrupting: Thread Group 1-12 sampler: Transaksi
2020-07-22 14:24:43,290 INFO o.a.j.t.JMeterThread: Thread finished: Thread Group 1-14
2020-07-22 14:24:43,290 INFO o.a.j.t.JMeterThread: Stopping: Thread Group 1-2
2020-07-22 14:24:43,290 WARN o.a.j.t.JMeterThread: Interrupting: Thread Group 1-2 sampler: Transaksi
2020-07-22 14:24:43,291 INFO o.a.j.t.JMeterThread: Stopping: Thread Group 1-18
2020-07-22 14:24:43,291 INFO o.a.j.t.JMeterThread: Thread finished: Thread Group 1-12
2020-07-22 14:24:43,291 WARN o.a.j.t.JMeterThread: Interrupting: Thread Group 1-18 sampler: Transaksi
2020-07-22 14:24:43,291 INFO o.a.j.t.JMeterThread: Thread finished: Thread Group 1-2
2020-07-22 14:24:43,291 INFO o.a.j.t.JMeterThread: Stopping: Thread Group 1-9
2020-07-22 14:24:43,291 WARN o.a.j.t.JMeterThread: Interrupting: Thread Group 1-9 sampler: Transaksi
2020-07-22 14:24:43,291 INFO o.a.j.t.JMeterThread: Stopping: Thread Group 1-13
2020-07-22 14:24:43,292 INFO o.a.j.t.JMeterThread: Thread finished: Thread Group 1-18
2020-07-22 14:24:43,292 WARN o.a.j.t.JMeterThread: Interrupting: Thread Group 1-13 sampler: Transaksi
2020-07-22 14:24:43,292 INFO o.a.j.t.JMeterThread: Thread finished: Thread Group 1-9
2020-07-22 14:24:43,292 INFO o.a.j.t.JMeterThread: Stopping: Thread Group 1-11
2020-07-22 14:24:43,292 WARN o.a.j.t.JMeterThread: Interrupting: Thread Group 1-11 sampler: Transaksi
2020-07-22 14:24:43,292 INFO o.a.j.t.JMeterThread: Thread finished: Thread Group 1-13
2020-07-22 14:24:43,293 INFO o.a.j.t.JMeterThread: Stopping: Thread Group 1-10
2020-07-22 14:24:43,293 WARN o.a.j.t.JMeterThread: Interrupting: Thread Group 1-10 sampler: Transaksi
2020-07-22 14:24:43,293 INFO o.a.j.t.JMeterThread: Thread finished: Thread Group 1-11
2020-07-22 14:24:43,293 INFO o.a.j.t.JMeterThread: Stopping: Thread Group 1-6
2020-07-22 14:24:43,293 WARN o.a.j.t.JMeterThread: Interrupting: Thread Group 1-6 sampler: Transaksi
2020-07-22 14:24:43,294 INFO o.a.j.t.JMeterThread: Thread finished: Thread Group 1-10
2020-07-22 14:24:43,295 INFO o.a.j.t.JMeterThread: Thread finished: Thread Group 1-6
2020-07-22 14:24:43,295 INFO o.a.j.e.StandardJMeterEngine: Notifying test listeners of end of test
2020-07-22 14:24:43,295 INFO o.a.j.g.u.JMeterMenuBar: setRunning(false, *local*)
2020-07-22 14:25:42,869 INFO o.a.j.e.StandardJMeterEngine: Running the test!
2020-07-22 14:25:42,871 INFO o.a.j.s.SampleEvent: List of sample_variables: []
2020-07-22 14:25:42,874 INFO o.a.j.g.u.JMeterMenuBar: setRunning(true, *local*)
2020-07-22 14:25:42,920 INFO o.a.j.e.StandardJMeterEngine: Starting ThreadGroup: 1 : Thread Group
2020-07-22 14:25:42,921 INFO o.a.j.e.StandardJMeterEngine: Starting 20 threads for group Thread Group.
2020-07-22 14:25:42,921 INFO o.a.j.e.StandardJMeterEngine: Thread will continue on error
2020-07-22 14:25:42,922 INFO o.a.j.t.ThreadGroup: Starting thread group... number=1 threads=20 ramp-up=1 delayedStart=false
2020-07-22 14:25:42,924 INFO o.a.j.t.JMeterThread: Thread started: Thread Group 1-1
2020-07-22 14:25:42,933 INFO o.a.j.t.ThreadGroup: Started thread group number 1
2020-07-22 14:25:42,933 INFO o.a.j.e.StandardJMeterEngine: Starting ThreadGroup: 2 : Thread Group
2020-07-22 14:25:42,934 INFO o.a.j.e.StandardJMeterEngine: Starting 10 threads for group Thread Group.
2020-07-22 14:25:42,934 INFO o.a.j.e.StandardJMeterEngine: Thread will continue on error
2020-07-22 14:25:42,934 INFO o.a.j.t.ThreadGroup: Starting thread group... number=2 threads=10 ramp-up=1 delayedStart=false
2020-07-22 14:25:42,934 INFO o.a.j.t.JMeterThread: Thread started: Thread Group 2-1
2020-07-22 14:25:42,936 INFO o.a.j.t.ThreadGroup: Started thread group number 2
2020-07-22 14:25:42,936 INFO o.a.j.e.StandardJMeterEngine: All thread groups have been started
2020-07-22 14:25:42,973 INFO o.a.j.t.JMeterThread: Thread started: Thread Group 1-2
2020-07-22 14:25:43,022 INFO o.a.j.t.JMeterThread: Thread started: Thread Group 1-3
2020-07-22 14:25:43,039 INFO o.a.j.t.JMeterThread: Thread started: Thread Group 2-2
2020-07-22 14:25:43,075 INFO o.a.j.t.JMeterThread: Thread started: Thread Group 1-4
2020-07-22 14:25:43,128 INFO o.a.j.t.JMeterThread: Thread started: Thread Group 1-5
2020-07-22 14:25:43,139 INFO o.a.j.t.JMeterThread: Thread started: Thread Group 2-3
2020-07-22 14:25:43,175 INFO o.a.j.t.JMeterThread: Thread started: Thread Group 1-6
2020-07-22 14:25:43,225 INFO o.a.j.t.JMeterThread: Thread started: Thread Group 1-7
2020-07-22 14:25:43,235 INFO o.a.j.t.JMeterThread: Thread started: Thread Group 2-4
2020-07-22 14:25:43,274 INFO o.a.j.t.JMeterThread: Thread started: Thread Group 1-8
2020-07-22 14:25:43,323 INFO o.a.j.t.JMeterThread: Thread started: Thread Group 1-9
2020-07-22 14:25:43,339 INFO o.a.j.t.JMeterThread: Thread started: Thread Group 2-5
2020-07-22 14:25:43,376 INFO o.a.j.t.JMeterThread: Thread started: Thread Group 1-10
2020-07-22 14:25:43,423 INFO o.a.j.t.JMeterThread: Thread started: Thread Group 1-11
2020-07-22 14:25:43,434 INFO o.a.j.t.JMeterThread: Thread started: Thread Group 2-6
2020-07-22 14:25:43,475 INFO o.a.j.t.JMeterThread: Thread started: Thread Group 1-12
2020-07-22 14:25:43,524 INFO o.a.j.t.JMeterThread: Thread started: Thread Group 1-13
2020-07-22 14:25:43,535 INFO o.a.j.t.JMeterThread: Thread started: Thread Group 2-7
2020-07-22 14:25:43,573 INFO o.a.j.t.JMeterThread: Thread started: Thread Group 1-14
2020-07-22 14:25:43,624 INFO o.a.j.t.JMeterThread: Thread started: Thread Group 1-15
2020-07-22 14:25:43,639 INFO o.a.j.t.JMeterThread: Thread started: Thread Group 2-8
2020-07-22 14:25:43,673 INFO o.a.j.t.JMeterThread: Thread started: Thread Group 1-16
2020-07-22 14:25:43,724 INFO o.a.j.t.JMeterThread: Thread started: Thread Group 1-17
2020-07-22 14:25:43,739 INFO o.a.j.t.JMeterThread: Thread started: Thread Group 2-9
2020-07-22 14:25:43,776 INFO o.a.j.t.JMeterThread: Thread started: Thread Group 1-18
2020-07-22 14:25:43,823 INFO o.a.j.t.JMeterThread: Thread started: Thread Group 1-19
2020-07-22 14:25:43,839 INFO o.a.j.t.JMeterThread: Thread started: Thread Group 2-10
2020-07-22 14:25:43,873 INFO o.a.j.t.JMeterThread: Thread started: Thread Group 1-20
2020-07-22 14:25:49,809 INFO o.a.j.t.JMeterThread: Thread is done: Thread Group 2-1
2020-07-22 14:25:49,810 INFO o.a.j.t.JMeterThread: Thread finished: Thread Group 2-1
2020-07-22 14:25:49,944 INFO o.a.j.t.JMeterThread: Thread is done: Thread Group 2-5
2020-07-22 14:25:49,944 INFO o.a.j.t.JMeterThread: Thread finished: Thread Group 2-5
2020-07-22 14:25:50,003 INFO o.a.j.t.JMeterThread: Thread is done: Thread Group 2-6
2020-07-22 14:25:50,003 INFO o.a.j.t.JMeterThread: Thread finished: Thread Group 2-6
2020-07-22 14:25:50,400 INFO o.a.j.t.JMeterThread: Thread is done: Thread Group 2-2
2020-07-22 14:25:50,401 INFO o.a.j.t.JMeterThread: Thread finished: Thread Group 2-2
2020-07-22 14:25:50,873 INFO o.a.j.t.JMeterThread: Thread is done: Thread Group 2-3
2020-07-22 14:25:50,873 INFO o.a.j.t.JMeterThread: Thread finished: Thread Group 2-3
2020-07-22 14:25:50,897 INFO o.a.j.t.JMeterThread: Thread is done: Thread Group 2-8
2020-07-22 14:25:50,897 INFO o.a.j.t.JMeterThread: Thread finished: Thread Group 2-8
2020-07-22 14:25:50,943 INFO o.a.j.t.JMeterThread: Thread is done: Thread Group 2-10
2020-07-22 14:25:50,943 INFO o.a.j.t.JMeterThread: Thread finished: Thread Group 2-10
2020-07-22 14:25:51,005 INFO o.a.j.t.JMeterThread: Thread is done: Thread Group 2-7
2020-07-22 14:25:51,005 INFO o.a.j.t.JMeterThread: Thread finished: Thread Group 2-7
2020-07-22 14:25:51,100 INFO o.a.j.t.JMeterThread: Thread is done: Thread Group 2-9
2020-07-22 14:25:51,100 INFO o.a.j.t.JMeterThread: Thread finished: Thread Group 2-9
2020-07-22 14:25:53,261 INFO o.a.j.t.JMeterThread: Thread is done: Thread Group 2-4
2020-07-22 14:25:53,261 INFO o.a.j.t.JMeterThread: Thread finished: Thread Group 2-4
2020-07-22 14:26:56,942 INFO o.a.j.t.JMeterThread: Thread is done: Thread Group 1-5
2020-07-22 14:26:56,943 INFO o.a.j.t.JMeterThread: Thread finished: Thread Group 1-5
2020-07-22 14:26:59,234 INFO o.a.j.t.JMeterThread: Thread is done: Thread Group 1-13
2020-07-22 14:26:59,234 INFO o.a.j.t.JMeterThread: Thread finished: Thread Group 1-13
2020-07-22 14:26:59,519 INFO o.a.j.t.JMeterThread: Thread is done: Thread Group 1-11
2020-07-22 14:26:59,519 INFO o.a.j.t.JMeterThread: Thread finished: Thread Group 1-11
2020-07-22 14:27:00,176 INFO o.a.j.t.JMeterThread: Thread is done: Thread Group 1-10
2020-07-22 14:27:00,177 INFO o.a.j.t.JMeterThread: Thread finished: Thread Group 1-10
2020-07-22 14:27:00,510 INFO o.a.j.t.JMeterThread: Thread is done: Thread Group 1-17
2020-07-22 14:27:00,510 INFO o.a.j.t.JMeterThread: Thread finished: Thread Group 1-17
2020-07-22 14:27:00,700 INFO o.a.j.t.JMeterThread: Thread is done: Thread Group 1-2
2020-07-22 14:27:00,700 INFO o.a.j.t.JMeterThread: Thread finished: Thread Group 1-2
2020-07-22 14:27:01,085 INFO o.a.j.t.JMeterThread: Thread is done: Thread Group 1-15
2020-07-22 14:27:01,085 INFO o.a.j.t.JMeterThread: Thread finished: Thread Group 1-15
2020-07-22 14:27:01,266 INFO o.a.j.t.JMeterThread: Thread is done: Thread Group 1-12
2020-07-22 14:27:01,266 INFO o.a.j.t.JMeterThread: Thread finished: Thread Group 1-12
2020-07-22 14:27:01,615 INFO o.a.j.t.JMeterThread: Thread is done: Thread Group 1-8
2020-07-22 14:27:01,615 INFO o.a.j.t.JMeterThread: Thread finished: Thread Group 1-8
2020-07-22 14:27:01,753 INFO o.a.j.t.JMeterThread: Thread is done: Thread Group 1-19
2020-07-22 14:27:01,753 INFO o.a.j.t.JMeterThread: Thread finished: Thread Group 1-19
2020-07-22 14:27:02,110 INFO o.a.j.t.JMeterThread: Thread is done: Thread Group 1-9
2020-07-22 14:27:02,110 INFO o.a.j.t.JMeterThread: Thread finished: Thread Group 1-9
2020-07-22 14:27:02,545 INFO o.a.j.t.JMeterThread: Thread is done: Thread Group 1-18
2020-07-22 14:27:02,545 INFO o.a.j.t.JMeterThread: Thread finished: Thread Group 1-18
2020-07-22 14:27:02,683 INFO o.a.j.t.JMeterThread: Thread is done: Thread Group 1-4
2020-07-22 14:27:02,683 INFO o.a.j.t.JMeterThread: Thread finished: Thread Group 1-4
2020-07-22 14:27:02,801 INFO o.a.j.t.JMeterThread: Thread is done: Thread Group 1-3
2020-07-22 14:27:02,802 INFO o.a.j.t.JMeterThread: Thread finished: Thread Group 1-3
2020-07-22 14:27:03,031 INFO o.a.j.t.JMeterThread: Thread is done: Thread Group 1-7
2020-07-22 14:27:03,032 INFO o.a.j.t.JMeterThread: Thread finished: Thread Group 1-7
2020-07-22 14:27:03,534 INFO o.a.j.t.JMeterThread: Thread is done: Thread Group 1-16
2020-07-22 14:27:03,534 INFO o.a.j.t.JMeterThread: Thread finished: Thread Group 1-16
2020-07-22 14:27:04,247 INFO o.a.j.t.JMeterThread: Thread is done: Thread Group 1-1
2020-07-22 14:27:04,247 INFO o.a.j.t.JMeterThread: Thread finished: Thread Group 1-1
2020-07-22 14:27:04,734 INFO o.a.j.t.JMeterThread: Thread is done: Thread Group 1-20
2020-07-22 14:27:04,735 INFO o.a.j.t.JMeterThread: Thread finished: Thread Group 1-20
2020-07-22 14:27:04,738 INFO o.a.j.t.JMeterThread: Thread is done: Thread Group 1-6
2020-07-22 14:27:04,738 INFO o.a.j.t.JMeterThread: Thread finished: Thread Group 1-6
2020-07-22 14:27:06,981 INFO o.a.j.t.JMeterThread: Thread is done: Thread Group 1-14
2020-07-22 14:27:06,981 INFO o.a.j.t.JMeterThread: Thread finished: Thread Group 1-14
2020-07-22 14:27:06,982 INFO o.a.j.e.StandardJMeterEngine: Notifying test listeners of end of test
2020-07-22 14:27:06,982 INFO o.a.j.g.u.JMeterMenuBar: setRunning(false, *local*)
2020-07-22 14:44:34,754 INFO o.a.j.e.StandardJMeterEngine: Running the test!
2020-07-22 14:44:34,758 INFO o.a.j.s.SampleEvent: List of sample_variables: []
2020-07-22 14:44:34,759 INFO o.a.j.g.u.JMeterMenuBar: setRunning(true, *local*)
2020-07-22 14:44:34,859 INFO o.a.j.e.StandardJMeterEngine: Starting ThreadGroup: 1 : Thread Group
2020-07-22 14:44:34,860 INFO o.a.j.e.StandardJMeterEngine: Starting 1 threads for group Thread Group.
2020-07-22 14:44:34,860 INFO o.a.j.e.StandardJMeterEngine: Thread will continue on error
2020-07-22 14:44:34,860 INFO o.a.j.t.ThreadGroup: Starting thread group... number=1 threads=1 ramp-up=1 delayedStart=false
2020-07-22 14:44:34,860 INFO o.a.j.t.ThreadGroup: Started thread group number 1
2020-07-22 14:44:34,861 INFO o.a.j.e.StandardJMeterEngine: All thread groups have been started
2020-07-22 14:44:34,861 INFO o.a.j.t.JMeterThread: Thread started: Thread Group 1-1
2020-07-22 14:44:34,996 INFO o.a.j.t.JMeterThread: Thread is done: Thread Group 1-1
2020-07-22 14:44:34,997 INFO o.a.j.t.JMeterThread: Thread finished: Thread Group 1-1
2020-07-22 14:44:34,998 INFO o.a.j.e.StandardJMeterEngine: Notifying test listeners of end of test
2020-07-22 14:44:34,998 INFO o.a.j.g.u.JMeterMenuBar: setRunning(false, *local*)
2020-07-22 14:44:52,959 INFO o.a.j.e.StandardJMeterEngine: Running the test!
2020-07-22 14:44:52,960 INFO o.a.j.s.SampleEvent: List of sample_variables: []
2020-07-22 14:44:52,960 INFO o.a.j.g.u.JMeterMenuBar: setRunning(true, *local*)
2020-07-22 14:44:53,002 INFO o.a.j.e.StandardJMeterEngine: Starting ThreadGroup: 1 : Thread Group
2020-07-22 14:44:53,002 INFO o.a.j.e.StandardJMeterEngine: Starting 20 threads for group Thread Group.
2020-07-22 14:44:53,002 INFO o.a.j.e.StandardJMeterEngine: Thread will continue on error
2020-07-22 14:44:53,002 INFO o.a.j.t.ThreadGroup: Starting thread group... number=1 threads=20 ramp-up=1 delayedStart=false
2020-07-22 14:44:53,002 INFO o.a.j.t.JMeterThread: Thread started: Thread Group 1-1
2020-07-22 14:44:53,012 INFO o.a.j.t.ThreadGroup: Started thread group number 1
2020-07-22 14:44:53,012 INFO o.a.j.e.StandardJMeterEngine: Starting ThreadGroup: 2 : Thread Group
2020-07-22 14:44:53,012 INFO o.a.j.e.StandardJMeterEngine: Starting 10 threads for group Thread Group.
2020-07-22 14:44:53,013 INFO o.a.j.e.StandardJMeterEngine: Thread will continue on error
2020-07-22 14:44:53,013 INFO o.a.j.t.ThreadGroup: Starting thread group... number=2 threads=10 ramp-up=1 delayedStart=false
2020-07-22 14:44:53,013 INFO o.a.j.t.JMeterThread: Thread started: Thread Group 2-1
2020-07-22 14:44:53,021 INFO o.a.j.t.ThreadGroup: Started thread group number 2
2020-07-22 14:44:53,021 INFO o.a.j.e.StandardJMeterEngine: All thread groups have been started
2020-07-22 14:44:53,054 INFO o.a.j.t.JMeterThread: Thread started: Thread Group 1-2
2020-07-22 14:44:53,104 INFO o.a.j.t.JMeterThread: Thread started: Thread Group 1-3
2020-07-22 14:44:53,116 INFO o.a.j.t.JMeterThread: Thread started: Thread Group 2-2
2020-07-22 14:44:53,154 INFO o.a.j.t.JMeterThread: Thread started: Thread Group 1-4
2020-07-22 14:44:53,207 INFO o.a.j.t.JMeterThread: Thread started: Thread Group 1-5
2020-07-22 14:44:53,216 INFO o.a.j.t.JMeterThread: Thread started: Thread Group 2-3
2020-07-22 14:44:53,257 INFO o.a.j.t.JMeterThread: Thread started: Thread Group 1-6
2020-07-22 14:44:53,309 INFO o.a.j.t.JMeterThread: Thread started: Thread Group 1-7
2020-07-22 14:44:53,317 INFO o.a.j.t.JMeterThread: Thread started: Thread Group 2-4
2020-07-22 14:44:53,358 INFO o.a.j.t.JMeterThread: Thread started: Thread Group 1-8
2020-07-22 14:44:53,403 INFO o.a.j.t.JMeterThread: Thread started: Thread Group 1-9
2020-07-22 14:44:53,415 INFO o.a.j.t.JMeterThread: Thread started: Thread Group 2-5
2020-07-22 14:44:53,457 INFO o.a.j.t.JMeterThread: Thread started: Thread Group 1-10
2020-07-22 14:44:53,502 INFO o.a.j.t.JMeterThread: Thread started: Thread Group 1-11
2020-07-22 14:44:53,517 INFO o.a.j.t.JMeterThread: Thread started: Thread Group 2-6
2020-07-22 14:44:53,553 INFO o.a.j.t.JMeterThread: Thread started: Thread Group 1-12
2020-07-22 14:44:53,604 INFO o.a.j.t.JMeterThread: Thread started: Thread Group 1-13
2020-07-22 14:44:53,615 INFO o.a.j.t.JMeterThread: Thread started: Thread Group 2-7
2020-07-22 14:44:53,657 INFO o.a.j.t.JMeterThread: Thread started: Thread Group 1-14
2020-07-22 14:44:53,703 INFO o.a.j.t.JMeterThread: Thread started: Thread Group 1-15
2020-07-22 14:44:53,719 INFO o.a.j.t.JMeterThread: Thread started: Thread Group 2-8
2020-07-22 14:44:53,757 INFO o.a.j.t.JMeterThread: Thread started: Thread Group 1-16
2020-07-22 14:44:53,807 INFO o.a.j.t.JMeterThread: Thread started: Thread Group 1-17
2020-07-22 14:44:53,817 INFO o.a.j.t.JMeterThread: Thread started: Thread Group 2-9
2020-07-22 14:44:53,853 INFO o.a.j.t.JMeterThread: Thread started: Thread Group 1-18
2020-07-22 14:44:53,907 INFO o.a.j.t.JMeterThread: Thread started: Thread Group 1-19
2020-07-22 14:44:53,915 INFO o.a.j.t.JMeterThread: Thread started: Thread Group 2-10
2020-07-22 14:44:53,957 INFO o.a.j.t.JMeterThread: Thread started: Thread Group 1-20
2020-07-22 14:44:58,871 INFO o.a.j.t.JMeterThread: Thread is done: Thread Group 2-2
2020-07-22 14:44:58,871 INFO o.a.j.t.JMeterThread: Thread finished: Thread Group 2-2
2020-07-22 14:44:59,053 INFO o.a.j.t.JMeterThread: Thread is done: Thread Group 2-1
2020-07-22 14:44:59,053 INFO o.a.j.t.JMeterThread: Thread finished: Thread Group 2-1
2020-07-22 14:44:59,684 INFO o.a.j.t.JMeterThread: Thread is done: Thread Group 2-3
2020-07-22 14:44:59,685 INFO o.a.j.t.JMeterThread: Thread finished: Thread Group 2-3
2020-07-22 14:44:59,756 INFO o.a.j.t.JMeterThread: Thread is done: Thread Group 2-9
2020-07-22 14:44:59,756 INFO o.a.j.t.JMeterThread: Thread finished: Thread Group 2-9
2020-07-22 14:45:00,002 INFO o.a.j.t.JMeterThread: Thread is done: Thread Group 2-7
2020-07-22 14:45:00,003 INFO o.a.j.t.JMeterThread: Thread finished: Thread Group 2-7
2020-07-22 14:45:00,047 INFO o.a.j.t.JMeterThread: Thread is done: Thread Group 2-6
2020-07-22 14:45:00,047 INFO o.a.j.t.JMeterThread: Thread finished: Thread Group 2-6
2020-07-22 14:45:00,256 INFO o.a.j.t.JMeterThread: Thread is done: Thread Group 2-4
2020-07-22 14:45:00,256 INFO o.a.j.t.JMeterThread: Thread finished: Thread Group 2-4
2020-07-22 14:45:00,392 INFO o.a.j.t.JMeterThread: Thread is done: Thread Group 2-5
2020-07-22 14:45:00,392 INFO o.a.j.t.JMeterThread: Thread finished: Thread Group 2-5
2020-07-22 14:45:00,649 INFO o.a.j.t.JMeterThread: Thread is done: Thread Group 2-8
2020-07-22 14:45:00,649 INFO o.a.j.t.JMeterThread: Thread finished: Thread Group 2-8
2020-07-22 14:45:00,887 INFO o.a.j.t.JMeterThread: Thread is done: Thread Group 2-10
2020-07-22 14:45:00,887 INFO o.a.j.t.JMeterThread: Thread finished: Thread Group 2-10
2020-07-22 14:46:03,806 INFO o.a.j.t.JMeterThread: Thread is done: Thread Group 1-4
2020-07-22 14:46:03,807 INFO o.a.j.t.JMeterThread: Thread finished: Thread Group 1-4
2020-07-22 14:46:04,775 INFO o.a.j.t.JMeterThread: Thread is done: Thread Group 1-9
2020-07-22 14:46:04,776 INFO o.a.j.t.JMeterThread: Thread finished: Thread Group 1-9
2020-07-22 14:46:06,091 INFO o.a.j.t.JMeterThread: Thread is done: Thread Group 1-20
2020-07-22 14:46:06,091 INFO o.a.j.t.JMeterThread: Thread finished: Thread Group 1-20
2020-07-22 14:46:06,706 INFO o.a.j.t.JMeterThread: Thread is done: Thread Group 1-18
2020-07-22 14:46:06,706 INFO o.a.j.t.JMeterThread: Thread finished: Thread Group 1-18
2020-07-22 14:46:06,882 INFO o.a.j.t.JMeterThread: Thread is done: Thread Group 1-1
2020-07-22 14:46:06,883 INFO o.a.j.t.JMeterThread: Thread finished: Thread Group 1-1
2020-07-22 14:46:07,023 INFO o.a.j.t.JMeterThread: Thread is done: Thread Group 1-19
2020-07-22 14:46:07,025 INFO o.a.j.t.JMeterThread: Thread finished: Thread Group 1-19
2020-07-22 14:46:07,390 INFO o.a.j.t.JMeterThread: Thread is done: Thread Group 1-16
2020-07-22 14:46:07,390 INFO o.a.j.t.JMeterThread: Thread finished: Thread Group 1-16
2020-07-22 14:46:07,440 INFO o.a.j.t.JMeterThread: Thread is done: Thread Group 1-2
2020-07-22 14:46:07,440 INFO o.a.j.t.JMeterThread: Thread finished: Thread Group 1-2
2020-07-22 14:46:07,623 INFO o.a.j.t.JMeterThread: Thread is done: Thread Group 1-13
2020-07-22 14:46:07,623 INFO o.a.j.t.JMeterThread: Thread finished: Thread Group 1-13
2020-07-22 14:46:07,628 INFO o.a.j.t.JMeterThread: Thread is done: Thread Group 1-17
2020-07-22 14:46:07,628 INFO o.a.j.t.JMeterThread: Thread finished: Thread Group 1-17
2020-07-22 14:46:07,657 INFO o.a.j.t.JMeterThread: Thread is done: Thread Group 1-15
2020-07-22 14:46:07,657 INFO o.a.j.t.JMeterThread: Thread finished: Thread Group 1-15
2020-07-22 14:46:07,687 INFO o.a.j.t.JMeterThread: Thread is done: Thread Group 1-3
2020-07-22 14:46:07,687 INFO o.a.j.t.JMeterThread: Thread finished: Thread Group 1-3
2020-07-22 14:46:07,691 INFO o.a.j.t.JMeterThread: Thread is done: Thread Group 1-12
2020-07-22 14:46:07,691 INFO o.a.j.t.JMeterThread: Thread finished: Thread Group 1-12
2020-07-22 14:46:07,973 INFO o.a.j.t.JMeterThread: Thread is done: Thread Group 1-14
2020-07-22 14:46:07,973 INFO o.a.j.t.JMeterThread: Thread finished: Thread Group 1-14
2020-07-22 14:46:08,019 INFO o.a.j.t.JMeterThread: Thread is done: Thread Group 1-8
2020-07-22 14:46:08,019 INFO o.a.j.t.JMeterThread: Thread finished: Thread Group 1-8
2020-07-22 14:46:08,253 INFO o.a.j.t.JMeterThread: Thread is done: Thread Group 1-6
2020-07-22 14:46:08,253 INFO o.a.j.t.JMeterThread: Thread finished: Thread Group 1-6
2020-07-22 14:46:08,400 INFO o.a.j.t.JMeterThread: Thread is done: Thread Group 1-5
2020-07-22 14:46:08,401 INFO o.a.j.t.JMeterThread: Thread finished: Thread Group 1-5
2020-07-22 14:46:08,722 INFO o.a.j.t.JMeterThread: Thread is done: Thread Group 1-7
2020-07-22 14:46:08,723 INFO o.a.j.t.JMeterThread: Thread finished: Thread Group 1-7
2020-07-22 14:46:09,503 INFO o.a.j.t.JMeterThread: Thread is done: Thread Group 1-11
2020-07-22 14:46:09,503 INFO o.a.j.t.JMeterThread: Thread finished: Thread Group 1-11
2020-07-22 14:46:09,707 INFO o.a.j.t.JMeterThread: Thread is done: Thread Group 1-10
2020-07-22 14:46:09,707 INFO o.a.j.t.JMeterThread: Thread finished: Thread Group 1-10
2020-07-22 14:46:09,708 INFO o.a.j.e.StandardJMeterEngine: Notifying test listeners of end of test
2020-07-22 14:46:09,708 INFO o.a.j.g.u.JMeterMenuBar: setRunning(false, *local*)
2020-07-22 16:24:46,230 INFO o.a.j.e.StandardJMeterEngine: Running the test!
2020-07-22 16:24:46,235 INFO o.a.j.s.SampleEvent: List of sample_variables: []
2020-07-22 16:24:46,237 INFO o.a.j.g.u.JMeterMenuBar: setRunning(true, *local*)
2020-07-22 16:24:46,338 INFO o.a.j.e.StandardJMeterEngine: Starting ThreadGroup: 1 : Thread Group
2020-07-22 16:24:46,338 INFO o.a.j.e.StandardJMeterEngine: Starting 20 threads for group Thread Group.
2020-07-22 16:24:46,338 INFO o.a.j.e.StandardJMeterEngine: Thread will continue on error
2020-07-22 16:24:46,338 INFO o.a.j.t.ThreadGroup: Starting thread group... number=1 threads=20 ramp-up=1 delayedStart=false
2020-07-22 16:24:46,339 INFO o.a.j.t.JMeterThread: Thread started: Thread Group 1-1
2020-07-22 16:24:46,348 INFO o.a.j.t.ThreadGroup: Started thread group number 1
2020-07-22 16:24:46,348 INFO o.a.j.e.StandardJMeterEngine: Starting ThreadGroup: 2 : Thread Group
2020-07-22 16:24:46,349 INFO o.a.j.e.StandardJMeterEngine: Starting 10 threads for group Thread Group.
2020-07-22 16:24:46,349 INFO o.a.j.e.StandardJMeterEngine: Thread will continue on error
2020-07-22 16:24:46,349 INFO o.a.j.t.ThreadGroup: Starting thread group... number=2 threads=10 ramp-up=1 delayedStart=false
2020-07-22 16:24:46,349 INFO o.a.j.t.JMeterThread: Thread started: Thread Group 2-1
2020-07-22 16:24:46,351 INFO o.a.j.t.ThreadGroup: Started thread group number 2
2020-07-22 16:24:46,351 INFO o.a.j.e.StandardJMeterEngine: All thread groups have been started
2020-07-22 16:24:46,392 INFO o.a.j.t.JMeterThread: Thread started: Thread Group 1-2
2020-07-22 16:24:46,440 INFO o.a.j.t.JMeterThread: Thread started: Thread Group 1-3
2020-07-22 16:24:46,449 INFO o.a.j.t.JMeterThread: Thread started: Thread Group 2-2
2020-07-22 16:24:46,492 INFO o.a.j.t.JMeterThread: Thread started: Thread Group 1-4
2020-07-22 16:24:46,543 INFO o.a.j.t.JMeterThread: Thread started: Thread Group 1-5
2020-07-22 16:24:46,551 INFO o.a.j.t.JMeterThread: Thread started: Thread Group 2-3
2020-07-22 16:24:46,592 INFO o.a.j.t.JMeterThread: Thread started: Thread Group 1-6
2020-07-22 16:24:46,644 INFO o.a.j.t.JMeterThread: Thread started: Thread Group 1-7
2020-07-22 16:24:46,650 INFO o.a.j.t.JMeterThread: Thread started: Thread Group 2-4
2020-07-22 16:24:46,692 INFO o.a.j.t.JMeterThread: Thread started: Thread Group 1-8
2020-07-22 16:24:46,740 INFO o.a.j.t.JMeterThread: Thread started: Thread Group 1-9
2020-07-22 16:24:46,751 INFO o.a.j.t.JMeterThread: Thread started: Thread Group 2-5
2020-07-22 16:24:46,792 INFO o.a.j.t.JMeterThread: Thread started: Thread Group 1-10
2020-07-22 16:24:46,839 INFO o.a.j.t.JMeterThread: Thread started: Thread Group 1-11
2020-07-22 16:24:46,849 INFO o.a.j.t.JMeterThread: Thread started: Thread Group 2-6
2020-07-22 16:24:46,892 INFO o.a.j.t.JMeterThread: Thread started: Thread Group 1-12
2020-07-22 16:24:46,939 INFO o.a.j.t.JMeterThread: Thread started: Thread Group 1-13
2020-07-22 16:24:46,950 INFO o.a.j.t.JMeterThread: Thread started: Thread Group 2-7
2020-07-22 16:24:46,989 INFO o.a.j.t.JMeterThread: Thread started: Thread Group 1-14
2020-07-22 16:24:47,039 INFO o.a.j.t.JMeterThread: Thread started: Thread Group 1-15
2020-07-22 16:24:47,050 INFO o.a.j.t.JMeterThread: Thread started: Thread Group 2-8
2020-07-22 16:24:47,092 INFO o.a.j.t.JMeterThread: Thread started: Thread Group 1-16
2020-07-22 16:24:47,142 INFO o.a.j.t.JMeterThread: Thread started: Thread Group 1-17
2020-07-22 16:24:47,150 INFO o.a.j.t.JMeterThread: Thread started: Thread Group 2-9
2020-07-22 16:24:47,188 INFO o.a.j.t.JMeterThread: Thread started: Thread Group 1-18
2020-07-22 16:24:47,241 INFO o.a.j.t.JMeterThread: Thread started: Thread Group 1-19
2020-07-22 16:24:47,253 INFO o.a.j.t.JMeterThread: Thread started: Thread Group 2-10
2020-07-22 16:24:47,289 INFO o.a.j.t.JMeterThread: Thread started: Thread Group 1-20
2020-07-22 16:24:52,753 INFO o.a.j.t.JMeterThread: Thread is done: Thread Group 2-6
2020-07-22 16:24:52,753 INFO o.a.j.t.JMeterThread: Thread finished: Thread Group 2-6
2020-07-22 16:24:52,850 INFO o.a.j.t.JMeterThread: Thread is done: Thread Group 2-2
2020-07-22 16:24:52,850 INFO o.a.j.t.JMeterThread: Thread finished: Thread Group 2-2
2020-07-22 16:24:52,968 INFO o.a.j.t.JMeterThread: Thread is done: Thread Group 2-5
2020-07-22 16:24:52,968 INFO o.a.j.t.JMeterThread: Thread finished: Thread Group 2-5
2020-07-22 16:24:53,332 INFO o.a.j.t.JMeterThread: Thread is done: Thread Group 2-4
2020-07-22 16:24:53,332 INFO o.a.j.t.JMeterThread: Thread finished: Thread Group 2-4
2020-07-22 16:24:53,591 INFO o.a.j.t.JMeterThread: Thread is done: Thread Group 2-1
2020-07-22 16:24:53,591 INFO o.a.j.t.JMeterThread: Thread finished: Thread Group 2-1
2020-07-22 16:24:54,005 INFO o.a.j.t.JMeterThread: Thread is done: Thread Group 2-3
2020-07-22 16:24:54,005 INFO o.a.j.t.JMeterThread: Thread finished: Thread Group 2-3
2020-07-22 16:24:54,521 INFO o.a.j.t.JMeterThread: Thread is done: Thread Group 2-7
2020-07-22 16:24:54,521 INFO o.a.j.t.JMeterThread: Thread finished: Thread Group 2-7
2020-07-22 16:24:54,574 INFO o.a.j.t.JMeterThread: Thread is done: Thread Group 2-10
2020-07-22 16:24:54,574 INFO o.a.j.t.JMeterThread: Thread finished: Thread Group 2-10
2020-07-22 16:24:54,950 INFO o.a.j.t.JMeterThread: Thread is done: Thread Group 2-8
2020-07-22 16:24:54,950 INFO o.a.j.t.JMeterThread: Thread finished: Thread Group 2-8
2020-07-22 16:24:55,130 INFO o.a.j.t.JMeterThread: Thread is done: Thread Group 2-9
2020-07-22 16:24:55,130 INFO o.a.j.t.JMeterThread: Thread finished: Thread Group 2-9
2020-07-22 16:26:00,765 INFO o.a.j.t.JMeterThread: Thread is done: Thread Group 1-1
2020-07-22 16:26:00,766 INFO o.a.j.t.JMeterThread: Thread finished: Thread Group 1-1
2020-07-22 16:26:01,397 INFO o.a.j.t.JMeterThread: Thread is done: Thread Group 1-9
2020-07-22 16:26:01,397 INFO o.a.j.t.JMeterThread: Thread finished: Thread Group 1-9
2020-07-22 16:26:01,918 INFO o.a.j.t.JMeterThread: Thread is done: Thread Group 1-13
2020-07-22 16:26:01,918 INFO o.a.j.t.JMeterThread: Thread finished: Thread Group 1-13
2020-07-22 16:26:02,113 INFO o.a.j.t.JMeterThread: Thread is done: Thread Group 1-12
2020-07-22 16:26:02,113 INFO o.a.j.t.JMeterThread: Thread finished: Thread Group 1-12
2020-07-22 16:26:02,749 INFO o.a.j.t.JMeterThread: Thread is done: Thread Group 1-15
2020-07-22 16:26:02,749 INFO o.a.j.t.JMeterThread: Thread finished: Thread Group 1-15
2020-07-22 16:26:03,241 INFO o.a.j.t.JMeterThread: Thread is done: Thread Group 1-5
2020-07-22 16:26:03,242 INFO o.a.j.t.JMeterThread: Thread finished: Thread Group 1-5
2020-07-22 16:26:03,298 INFO o.a.j.t.JMeterThread: Thread is done: Thread Group 1-6
2020-07-22 16:26:03,298 INFO o.a.j.t.JMeterThread: Thread finished: Thread Group 1-6
2020-07-22 16:26:03,488 INFO o.a.j.t.JMeterThread: Thread is done: Thread Group 1-10
2020-07-22 16:26:03,489 INFO o.a.j.t.JMeterThread: Thread finished: Thread Group 1-10
2020-07-22 16:26:03,556 INFO o.a.j.t.JMeterThread: Thread is done: Thread Group 1-11
2020-07-22 16:26:03,556 INFO o.a.j.t.JMeterThread: Thread finished: Thread Group 1-11
2020-07-22 16:26:03,618 INFO o.a.j.t.JMeterThread: Thread is done: Thread Group 1-3
2020-07-22 16:26:03,618 INFO o.a.j.t.JMeterThread: Thread finished: Thread Group 1-3
2020-07-22 16:26:03,726 INFO o.a.j.t.JMeterThread: Thread is done: Thread Group 1-16
2020-07-22 16:26:03,726 INFO o.a.j.t.JMeterThread: Thread finished: Thread Group 1-16
2020-07-22 16:26:03,745 INFO o.a.j.t.JMeterThread: Thread is done: Thread Group 1-18
2020-07-22 16:26:03,745 INFO o.a.j.t.JMeterThread: Thread finished: Thread Group 1-18
2020-07-22 16:26:03,791 INFO o.a.j.t.JMeterThread: Thread is done: Thread Group 1-7
2020-07-22 16:26:03,791 INFO o.a.j.t.JMeterThread: Thread finished: Thread Group 1-7
2020-07-22 16:26:03,912 INFO o.a.j.t.JMeterThread: Thread is done: Thread Group 1-19
2020-07-22 16:26:03,912 INFO o.a.j.t.JMeterThread: Thread finished: Thread Group 1-19
2020-07-22 16:26:04,083 INFO o.a.j.t.JMeterThread: Thread is done: Thread Group 1-20
2020-07-22 16:26:04,083 INFO o.a.j.t.JMeterThread: Thread finished: Thread Group 1-20
2020-07-22 16:26:04,242 INFO o.a.j.t.JMeterThread: Thread is done: Thread Group 1-14
2020-07-22 16:26:04,242 INFO o.a.j.t.JMeterThread: Thread finished: Thread Group 1-14
2020-07-22 16:26:04,282 INFO o.a.j.t.JMeterThread: Thread is done: Thread Group 1-2
2020-07-22 16:26:04,282 INFO o.a.j.t.JMeterThread: Thread finished: Thread Group 1-2
2020-07-22 16:26:04,672 INFO o.a.j.t.JMeterThread: Thread is done: Thread Group 1-8
2020-07-22 16:26:04,672 INFO o.a.j.t.JMeterThread: Thread finished: Thread Group 1-8
2020-07-22 16:26:05,435 INFO o.a.j.t.JMeterThread: Thread is done: Thread Group 1-17
2020-07-22 16:26:05,435 INFO o.a.j.t.JMeterThread: Thread finished: Thread Group 1-17
2020-07-22 16:26:05,435 INFO o.a.j.t.JMeterThread: Thread is done: Thread Group 1-4
2020-07-22 16:26:05,435 INFO o.a.j.t.JMeterThread: Thread finished: Thread Group 1-4
2020-07-22 16:26:05,435 INFO o.a.j.e.StandardJMeterEngine: Notifying test listeners of end of test
2020-07-22 16:26:05,436 INFO o.a.j.g.u.JMeterMenuBar: setRunning(false, *local*)
2020-07-22 16:28:27,546 INFO o.a.j.e.StandardJMeterEngine: Running the test!
2020-07-22 16:28:27,546 INFO o.a.j.s.SampleEvent: List of sample_variables: []
2020-07-22 16:28:27,547 INFO o.a.j.g.u.JMeterMenuBar: setRunning(true, *local*)
2020-07-22 16:28:27,592 INFO o.a.j.e.StandardJMeterEngine: Starting ThreadGroup: 1 : Thread Group
2020-07-22 16:28:27,592 INFO o.a.j.e.StandardJMeterEngine: Starting 20 threads for group Thread Group.
2020-07-22 16:28:27,592 INFO o.a.j.e.StandardJMeterEngine: Thread will continue on error
2020-07-22 16:28:27,592 INFO o.a.j.t.ThreadGroup: Starting thread group... number=1 threads=20 ramp-up=1 delayedStart=false
2020-07-22 16:28:27,592 INFO o.a.j.t.JMeterThread: Thread started: Thread Group 1-1
2020-07-22 16:28:27,596 INFO o.a.j.t.ThreadGroup: Started thread group number 1
2020-07-22 16:28:27,597 INFO o.a.j.e.StandardJMeterEngine: Starting ThreadGroup: 2 : Thread Group
2020-07-22 16:28:27,597 INFO o.a.j.e.StandardJMeterEngine: Starting 10 threads for group Thread Group.
2020-07-22 16:28:27,597 INFO o.a.j.e.StandardJMeterEngine: Thread will continue on error
2020-07-22 16:28:27,598 INFO o.a.j.t.ThreadGroup: Starting thread group... number=2 threads=10 ramp-up=1 delayedStart=false
2020-07-22 16:28:27,599 INFO o.a.j.t.JMeterThread: Thread started: Thread Group 2-1
2020-07-22 16:28:27,602 INFO o.a.j.t.ThreadGroup: Started thread group number 2
2020-07-22 16:28:27,602 INFO o.a.j.e.StandardJMeterEngine: All thread groups have been started
2020-07-22 16:28:27,644 INFO o.a.j.t.JMeterThread: Thread started: Thread Group 1-2
2020-07-22 16:28:27,693 INFO o.a.j.t.JMeterThread: Thread started: Thread Group 1-3
2020-07-22 16:28:27,699 INFO o.a.j.t.JMeterThread: Thread started: Thread Group 2-2
2020-07-22 16:28:27,743 INFO o.a.j.t.JMeterThread: Thread started: Thread Group 1-4
2020-07-22 16:28:27,793 INFO o.a.j.t.JMeterThread: Thread started: Thread Group 1-5
2020-07-22 16:28:27,803 INFO o.a.j.t.JMeterThread: Thread started: Thread Group 2-3
2020-07-22 16:28:27,842 INFO o.a.j.t.JMeterThread: Thread started: Thread Group 1-6
2020-07-22 16:28:27,895 INFO o.a.j.t.JMeterThread: Thread started: Thread Group 1-7
2020-07-22 16:28:27,901 INFO o.a.j.t.JMeterThread: Thread started: Thread Group 2-4
2020-07-22 16:28:27,943 INFO o.a.j.t.JMeterThread: Thread started: Thread Group 1-8
2020-07-22 16:28:27,994 INFO o.a.j.t.JMeterThread: Thread started: Thread Group 1-9
2020-07-22 16:28:28,002 INFO o.a.j.t.JMeterThread: Thread started: Thread Group 2-5
2020-07-22 16:28:28,045 INFO o.a.j.t.JMeterThread: Thread started: Thread Group 1-10
2020-07-22 16:28:28,095 INFO o.a.j.t.JMeterThread: Thread started: Thread Group 1-11
2020-07-22 16:28:28,099 INFO o.a.j.t.JMeterThread: Thread started: Thread Group 2-6
2020-07-22 16:28:28,142 INFO o.a.j.t.JMeterThread: Thread started: Thread Group 1-12
2020-07-22 16:28:28,194 INFO o.a.j.t.JMeterThread: Thread started: Thread Group 1-13
2020-07-22 16:28:28,199 INFO o.a.j.t.JMeterThread: Thread started: Thread Group 2-7
2020-07-22 16:28:28,245 INFO o.a.j.t.JMeterThread: Thread started: Thread Group 1-14
2020-07-22 16:28:28,294 INFO o.a.j.t.JMeterThread: Thread started: Thread Group 1-15
2020-07-22 16:28:28,300 INFO o.a.j.t.JMeterThread: Thread started: Thread Group 2-8
2020-07-22 16:28:28,343 INFO o.a.j.t.JMeterThread: Thread started: Thread Group 1-16
2020-07-22 16:28:28,395 INFO o.a.j.t.JMeterThread: Thread started: Thread Group 1-17
2020-07-22 16:28:28,399 INFO o.a.j.t.JMeterThread: Thread started: Thread Group 2-9
2020-07-22 16:28:28,444 INFO o.a.j.t.JMeterThread: Thread started: Thread Group 1-18
2020-07-22 16:28:28,496 INFO o.a.j.t.JMeterThread: Thread started: Thread Group 1-19
2020-07-22 16:28:28,499 INFO o.a.j.t.JMeterThread: Thread started: Thread Group 2-10
2020-07-22 16:28:28,546 INFO o.a.j.t.JMeterThread: Thread started: Thread Group 1-20
2020-07-22 16:28:33,425 INFO o.a.j.t.JMeterThread: Thread is done: Thread Group 2-1
2020-07-22 16:28:33,426 INFO o.a.j.t.JMeterThread: Thread finished: Thread Group 2-1
2020-07-22 16:28:34,224 INFO o.a.j.t.JMeterThread: Thread is done: Thread Group 2-4
2020-07-22 16:28:34,225 INFO o.a.j.t.JMeterThread: Thread finished: Thread Group 2-4
2020-07-22 16:28:34,321 INFO o.a.j.t.JMeterThread: Thread is done: Thread Group 2-2
2020-07-22 16:28:34,322 INFO o.a.j.t.JMeterThread: Thread finished: Thread Group 2-2
2020-07-22 16:28:34,434 INFO o.a.j.t.JMeterThread: Thread is done: Thread Group 2-10
2020-07-22 16:28:34,434 INFO o.a.j.t.JMeterThread: Thread finished: Thread Group 2-10
2020-07-22 16:28:34,491 INFO o.a.j.t.JMeterThread: Thread is done: Thread Group 2-3
2020-07-22 16:28:34,491 INFO o.a.j.t.JMeterThread: Thread finished: Thread Group 2-3
2020-07-22 16:28:34,677 INFO o.a.j.t.JMeterThread: Thread is done: Thread Group 2-8
2020-07-22 16:28:34,677 INFO o.a.j.t.JMeterThread: Thread finished: Thread Group 2-8
2020-07-22 16:28:34,779 INFO o.a.j.t.JMeterThread: Thread is done: Thread Group 2-7
2020-07-22 16:28:34,779 INFO o.a.j.t.JMeterThread: Thread finished: Thread Group 2-7
2020-07-22 16:28:34,833 INFO o.a.j.t.JMeterThread: Thread is done: Thread Group 2-6
2020-07-22 16:28:34,833 INFO o.a.j.t.JMeterThread: Thread finished: Thread Group 2-6
2020-07-22 16:28:35,021 INFO o.a.j.t.JMeterThread: Thread is done: Thread Group 2-9
2020-07-22 16:28:35,022 INFO o.a.j.t.JMeterThread: Thread finished: Thread Group 2-9
2020-07-22 16:28:35,074 INFO o.a.j.t.JMeterThread: Thread is done: Thread Group 2-5
2020-07-22 16:28:35,074 INFO o.a.j.t.JMeterThread: Thread finished: Thread Group 2-5
2020-07-22 16:29:38,501 INFO o.a.j.t.JMeterThread: Thread is done: Thread Group 1-2
2020-07-22 16:29:38,502 INFO o.a.j.t.JMeterThread: Thread finished: Thread Group 1-2
2020-07-22 16:29:41,117 INFO o.a.j.t.JMeterThread: Thread is done: Thread Group 1-6
2020-07-22 16:29:41,118 INFO o.a.j.t.JMeterThread: Thread finished: Thread Group 1-6
2020-07-22 16:29:42,058 INFO o.a.j.t.JMeterThread: Thread is done: Thread Group 1-19
2020-07-22 16:29:42,059 INFO o.a.j.t.JMeterThread: Thread finished: Thread Group 1-19
2020-07-22 16:29:42,109 INFO o.a.j.t.JMeterThread: Thread is done: Thread Group 1-1
2020-07-22 16:29:42,109 INFO o.a.j.t.JMeterThread: Thread finished: Thread Group 1-1
2020-07-22 16:29:42,817 INFO o.a.j.t.JMeterThread: Thread is done: Thread Group 1-12
2020-07-22 16:29:42,818 INFO o.a.j.t.JMeterThread: Thread finished: Thread Group 1-12
2020-07-22 16:29:42,855 INFO o.a.j.t.JMeterThread: Thread is done: Thread Group 1-10
2020-07-22 16:29:42,856 INFO o.a.j.t.JMeterThread: Thread finished: Thread Group 1-10
2020-07-22 16:29:43,350 INFO o.a.j.t.JMeterThread: Thread is done: Thread Group 1-7
2020-07-22 16:29:43,351 INFO o.a.j.t.JMeterThread: Thread finished: Thread Group 1-7
2020-07-22 16:29:43,387 INFO o.a.j.t.JMeterThread: Thread is done: Thread Group 1-8
2020-07-22 16:29:43,387 INFO o.a.j.t.JMeterThread: Thread finished: Thread Group 1-8
2020-07-22 16:29:43,399 INFO o.a.j.t.JMeterThread: Thread is done: Thread Group 1-16
2020-07-22 16:29:43,399 INFO o.a.j.t.JMeterThread: Thread finished: Thread Group 1-16
2020-07-22 16:29:43,629 INFO o.a.j.t.JMeterThread: Thread is done: Thread Group 1-4
2020-07-22 16:29:43,629 INFO o.a.j.t.JMeterThread: Thread finished: Thread Group 1-4
2020-07-22 16:29:43,743 INFO o.a.j.t.JMeterThread: Thread is done: Thread Group 1-14
2020-07-22 16:29:43,743 INFO o.a.j.t.JMeterThread: Thread finished: Thread Group 1-14
2020-07-22 16:29:43,849 INFO o.a.j.t.JMeterThread: Thread is done: Thread Group 1-5
2020-07-22 16:29:43,849 INFO o.a.j.t.JMeterThread: Thread finished: Thread Group 1-5
2020-07-22 16:29:44,016 INFO o.a.j.t.JMeterThread: Thread is done: Thread Group 1-17
2020-07-22 16:29:44,017 INFO o.a.j.t.JMeterThread: Thread finished: Thread Group 1-17
2020-07-22 16:29:44,072 INFO o.a.j.t.JMeterThread: Thread is done: Thread Group 1-18
2020-07-22 16:29:44,072 INFO o.a.j.t.JMeterThread: Thread finished: Thread Group 1-18
2020-07-22 16:29:44,176 INFO o.a.j.t.JMeterThread: Thread is done: Thread Group 1-3
2020-07-22 16:29:44,176 INFO o.a.j.t.JMeterThread: Thread finished: Thread Group 1-3
2020-07-22 16:29:44,729 INFO o.a.j.t.JMeterThread: Thread is done: Thread Group 1-11
2020-07-22 16:29:44,729 INFO o.a.j.t.JMeterThread: Thread finished: Thread Group 1-11
2020-07-22 16:29:45,082 INFO o.a.j.t.JMeterThread: Thread is done: Thread Group 1-20
2020-07-22 16:29:45,083 INFO o.a.j.t.JMeterThread: Thread finished: Thread Group 1-20
2020-07-22 16:29:45,684 INFO o.a.j.t.JMeterThread: Thread is done: Thread Group 1-15
2020-07-22 16:29:45,684 INFO o.a.j.t.JMeterThread: Thread finished: Thread Group 1-15
2020-07-22 16:29:45,853 INFO o.a.j.t.JMeterThread: Thread is done: Thread Group 1-9
2020-07-22 16:29:45,853 INFO o.a.j.t.JMeterThread: Thread finished: Thread Group 1-9
2020-07-22 16:29:46,655 INFO o.a.j.t.JMeterThread: Thread is done: Thread Group 1-13
2020-07-22 16:29:46,655 INFO o.a.j.t.JMeterThread: Thread finished: Thread Group 1-13
2020-07-22 16:29:46,656 INFO o.a.j.e.StandardJMeterEngine: Notifying test listeners of end of test
2020-07-22 16:29:46,656 INFO o.a.j.g.u.JMeterMenuBar: setRunning(false, *local*)
2020-07-22 16:35:27,280 INFO o.a.j.e.StandardJMeterEngine: Running the test!
2020-07-22 16:35:27,284 INFO o.a.j.s.SampleEvent: List of sample_variables: []
2020-07-22 16:35:27,287 INFO o.a.j.g.u.JMeterMenuBar: setRunning(true, *local*)
2020-07-22 16:35:27,399 INFO o.a.j.e.StandardJMeterEngine: Starting ThreadGroup: 1 : Thread Group
2020-07-22 16:35:27,399 INFO o.a.j.e.StandardJMeterEngine: Starting 1 threads for group Thread Group.
2020-07-22 16:35:27,399 INFO o.a.j.e.StandardJMeterEngine: Thread will continue on error
2020-07-22 16:35:27,399 INFO o.a.j.t.ThreadGroup: Starting thread group... number=1 threads=1 ramp-up=1 delayedStart=false
2020-07-22 16:35:27,399 INFO o.a.j.t.ThreadGroup: Started thread group number 1
2020-07-22 16:35:27,400 INFO o.a.j.e.StandardJMeterEngine: Starting ThreadGroup: 2 : Thread Group
2020-07-22 16:35:27,400 INFO o.a.j.e.StandardJMeterEngine: Starting 1 threads for group Thread Group.
2020-07-22 16:35:27,400 INFO o.a.j.e.StandardJMeterEngine: Thread will continue on error
2020-07-22 16:35:27,400 INFO o.a.j.t.ThreadGroup: Starting thread group... number=2 threads=1 ramp-up=1 delayedStart=false
2020-07-22 16:35:27,400 INFO o.a.j.t.ThreadGroup: Started thread group number 2
2020-07-22 16:35:27,400 INFO o.a.j.e.StandardJMeterEngine: All thread groups have been started
2020-07-22 16:35:27,400 INFO o.a.j.t.JMeterThread: Thread started: Thread Group 1-1
2020-07-22 16:35:27,400 INFO o.a.j.t.JMeterThread: Thread started: Thread Group 2-1
2020-07-22 16:35:27,756 INFO o.a.j.t.JMeterThread: Thread is done: Thread Group 2-1
2020-07-22 16:35:27,756 INFO o.a.j.t.JMeterThread: Thread finished: Thread Group 2-1
2020-07-22 16:35:27,819 INFO o.a.j.t.JMeterThread: Thread is done: Thread Group 1-1
2020-07-22 16:35:27,819 INFO o.a.j.t.JMeterThread: Thread finished: Thread Group 1-1
2020-07-22 16:35:27,819 INFO o.a.j.e.StandardJMeterEngine: Notifying test listeners of end of test
2020-07-22 16:35:27,819 INFO o.a.j.g.u.JMeterMenuBar: setRunning(false, *local*)
2020-07-22 16:36:09,275 INFO o.a.j.e.StandardJMeterEngine: Running the test!
2020-07-22 16:36:09,276 INFO o.a.j.s.SampleEvent: List of sample_variables: []
2020-07-22 16:36:09,277 INFO o.a.j.g.u.JMeterMenuBar: setRunning(true, *local*)
2020-07-22 16:36:09,320 INFO o.a.j.e.StandardJMeterEngine: Starting ThreadGroup: 1 : Thread Group
2020-07-22 16:36:09,321 INFO o.a.j.e.StandardJMeterEngine: Starting 1 threads for group Thread Group.
2020-07-22 16:36:09,321 INFO o.a.j.e.StandardJMeterEngine: Thread will continue on error
2020-07-22 16:36:09,321 INFO o.a.j.t.ThreadGroup: Starting thread group... number=1 threads=1 ramp-up=1 delayedStart=false
2020-07-22 16:36:09,321 INFO o.a.j.t.ThreadGroup: Started thread group number 1
2020-07-22 16:36:09,321 INFO o.a.j.e.StandardJMeterEngine: Starting ThreadGroup: 2 : Thread Group
2020-07-22 16:36:09,321 INFO o.a.j.e.StandardJMeterEngine: Starting 1 threads for group Thread Group.
2020-07-22 16:36:09,321 INFO o.a.j.e.StandardJMeterEngine: Thread will continue on error
2020-07-22 16:36:09,321 INFO o.a.j.t.ThreadGroup: Starting thread group... number=2 threads=1 ramp-up=1 delayedStart=false
2020-07-22 16:36:09,321 INFO o.a.j.t.JMeterThread: Thread started: Thread Group 1-1
2020-07-22 16:36:09,321 INFO o.a.j.t.ThreadGroup: Started thread group number 2
2020-07-22 16:36:09,321 INFO o.a.j.e.StandardJMeterEngine: All thread groups have been started
2020-07-22 16:36:09,321 INFO o.a.j.t.JMeterThread: Thread started: Thread Group 2-1
2020-07-22 16:36:09,650 INFO o.a.j.t.JMeterThread: Thread is done: Thread Group 2-1
2020-07-22 16:36:09,650 INFO o.a.j.t.JMeterThread: Thread finished: Thread Group 2-1
2020-07-22 16:36:12,274 INFO o.a.j.t.JMeterThread: Thread is done: Thread Group 1-1
2020-07-22 16:36:12,274 INFO o.a.j.t.JMeterThread: Thread finished: Thread Group 1-1
2020-07-22 16:36:12,274 INFO o.a.j.e.StandardJMeterEngine: Notifying test listeners of end of test
2020-07-22 16:36:12,274 INFO o.a.j.g.u.JMeterMenuBar: setRunning(false, *local*)
2020-07-22 16:37:43,999 INFO o.a.j.e.StandardJMeterEngine: Running the test!
2020-07-22 16:37:44,000 INFO o.a.j.s.SampleEvent: List of sample_variables: []
2020-07-22 16:37:44,000 INFO o.a.j.g.u.JMeterMenuBar: setRunning(true, *local*)
2020-07-22 16:37:44,043 INFO o.a.j.e.StandardJMeterEngine: Starting ThreadGroup: 1 : Thread Group
2020-07-22 16:37:44,043 INFO o.a.j.e.StandardJMeterEngine: Starting 1 threads for group Thread Group.
2020-07-22 16:37:44,043 INFO o.a.j.e.StandardJMeterEngine: Thread will continue on error
2020-07-22 16:37:44,043 INFO o.a.j.t.ThreadGroup: Starting thread group... number=1 threads=1 ramp-up=1 delayedStart=false
2020-07-22 16:37:44,044 INFO o.a.j.t.ThreadGroup: Started thread group number 1
2020-07-22 16:37:44,044 INFO o.a.j.e.StandardJMeterEngine: Starting ThreadGroup: 2 : Thread Group
2020-07-22 16:37:44,044 INFO o.a.j.e.StandardJMeterEngine: Starting 1 threads for group Thread Group.
2020-07-22 16:37:44,044 INFO o.a.j.e.StandardJMeterEngine: Thread will continue on error
2020-07-22 16:37:44,044 INFO o.a.j.t.ThreadGroup: Starting thread group... number=2 threads=1 ramp-up=1 delayedStart=false
2020-07-22 16:37:44,044 INFO o.a.j.t.JMeterThread: Thread started: Thread Group 1-1
2020-07-22 16:37:44,044 INFO o.a.j.t.ThreadGroup: Started thread group number 2
2020-07-22 16:37:44,044 INFO o.a.j.e.StandardJMeterEngine: All thread groups have been started
2020-07-22 16:37:44,044 INFO o.a.j.t.JMeterThread: Thread started: Thread Group 2-1
2020-07-22 16:37:44,436 INFO o.a.j.t.JMeterThread: Thread is done: Thread Group 2-1
2020-07-22 16:37:44,436 INFO o.a.j.t.JMeterThread: Thread finished: Thread Group 2-1
2020-07-22 16:37:49,703 INFO o.a.j.t.JMeterThread: Thread is done: Thread Group 1-1
2020-07-22 16:37:49,703 INFO o.a.j.t.JMeterThread: Thread finished: Thread Group 1-1
2020-07-22 16:37:49,703 INFO o.a.j.e.StandardJMeterEngine: Notifying test listeners of end of test
2020-07-22 16:37:49,703 INFO o.a.j.g.u.JMeterMenuBar: setRunning(false, *local*)
2020-07-22 16:42:31,822 INFO o.a.j.e.StandardJMeterEngine: Running the test!
2020-07-22 16:42:31,823 INFO o.a.j.s.SampleEvent: List of sample_variables: []
2020-07-22 16:42:31,823 INFO o.a.j.g.u.JMeterMenuBar: setRunning(true, *local*)
2020-07-22 16:42:31,869 INFO o.a.j.e.StandardJMeterEngine: Starting ThreadGroup: 1 : Thread Group
2020-07-22 16:42:31,869 INFO o.a.j.e.StandardJMeterEngine: Starting 30 threads for group Thread Group.
2020-07-22 16:42:31,869 INFO o.a.j.e.StandardJMeterEngine: Thread will continue on error
2020-07-22 16:42:31,869 INFO o.a.j.t.ThreadGroup: Starting thread group... number=1 threads=30 ramp-up=1 delayedStart=false
2020-07-22 16:42:31,869 INFO o.a.j.t.JMeterThread: Thread started: Thread Group 1-1
2020-07-22 16:42:31,880 INFO o.a.j.t.ThreadGroup: Started thread group number 1
2020-07-22 16:42:31,881 INFO o.a.j.e.StandardJMeterEngine: Starting ThreadGroup: 2 : Thread Group
2020-07-22 16:42:31,881 INFO o.a.j.e.StandardJMeterEngine: Starting 30 threads for group Thread Group.
2020-07-22 16:42:31,881 INFO o.a.j.e.StandardJMeterEngine: Thread will continue on error
2020-07-22 16:42:31,881 INFO o.a.j.t.ThreadGroup: Starting thread group... number=2 threads=30 ramp-up=1 delayedStart=false
2020-07-22 16:42:31,881 INFO o.a.j.t.JMeterThread: Thread started: Thread Group 2-1
2020-07-22 16:42:31,889 INFO o.a.j.t.ThreadGroup: Started thread group number 2
2020-07-22 16:42:31,889 INFO o.a.j.e.StandardJMeterEngine: All thread groups have been started
2020-07-22 16:42:31,906 INFO o.a.j.t.JMeterThread: Thread started: Thread Group 1-2
2020-07-22 16:42:31,915 INFO o.a.j.t.JMeterThread: Thread started: Thread Group 2-2
2020-07-22 16:42:31,935 INFO o.a.j.t.JMeterThread: Thread started: Thread Group 1-3
2020-07-22 16:42:31,948 INFO o.a.j.t.JMeterThread: Thread started: Thread Group 2-3
2020-07-22 16:42:31,969 INFO o.a.j.t.JMeterThread: Thread started: Thread Group 1-4
2020-07-22 16:42:31,985 INFO o.a.j.t.JMeterThread: Thread started: Thread Group 2-4
2020-07-22 16:42:32,003 INFO o.a.j.t.JMeterThread: Thread started: Thread Group 1-5
2020-07-22 16:42:32,013 INFO o.a.j.t.JMeterThread: Thread started: Thread Group 2-5
2020-07-22 16:42:32,037 INFO o.a.j.t.JMeterThread: Thread started: Thread Group 1-6
2020-07-22 16:42:32,047 INFO o.a.j.t.JMeterThread: Thread started: Thread Group 2-6
2020-07-22 16:42:32,068 INFO o.a.j.t.JMeterThread: Thread started: Thread Group 1-7
2020-07-22 16:42:32,082 INFO o.a.j.t.JMeterThread: Thread started: Thread Group 2-7
2020-07-22 16:42:32,105 INFO o.a.j.t.JMeterThread: Thread started: Thread Group 1-8
2020-07-22 16:42:32,114 INFO o.a.j.t.JMeterThread: Thread started: Thread Group 2-8
2020-07-22 16:42:32,135 INFO o.a.j.t.JMeterThread: Thread started: Thread Group 1-9
2020-07-22 16:42:32,150 INFO o.a.j.t.JMeterThread: Thread started: Thread Group 2-9
2020-07-22 16:42:32,170 INFO o.a.j.t.JMeterThread: Thread started: Thread Group 1-10
2020-07-22 16:42:32,182 INFO o.a.j.t.JMeterThread: Thread started: Thread Group 2-10
2020-07-22 16:42:32,201 INFO o.a.j.t.JMeterThread: Thread started: Thread Group 1-11
2020-07-22 16:42:32,212 INFO o.a.j.t.JMeterThread: Thread started: Thread Group 2-11
2020-07-22 16:42:32,233 INFO o.a.j.t.JMeterThread: Thread started: Thread Group 1-12
2020-07-22 16:42:32,244 INFO o.a.j.t.JMeterThread: Thread started: Thread Group 2-12
2020-07-22 16:42:32,269 INFO o.a.j.t.JMeterThread: Thread started: Thread Group 1-13
2020-07-22 16:42:32,279 INFO o.a.j.t.JMeterThread: Thread started: Thread Group 2-13
2020-07-22 16:42:32,301 INFO o.a.j.t.JMeterThread: Thread started: Thread Group 1-14
2020-07-22 16:42:32,311 INFO o.a.j.t.JMeterThread: Thread started: Thread Group 2-14
2020-07-22 16:42:32,332 INFO o.a.j.t.JMeterThread: Thread started: Thread Group 1-15
2020-07-22 16:42:32,344 INFO o.a.j.t.JMeterThread: Thread started: Thread Group 2-15
2020-07-22 16:42:32,365 INFO o.a.j.t.JMeterThread: Thread started: Thread Group 1-16
2020-07-22 16:42:32,378 INFO o.a.j.t.JMeterThread: Thread started: Thread Group 2-16
2020-07-22 16:42:32,397 INFO o.a.j.t.JMeterThread: Thread started: Thread Group 1-17
2020-07-22 16:42:32,413 INFO o.a.j.t.JMeterThread: Thread started: Thread Group 2-17
2020-07-22 16:42:32,431 INFO o.a.j.t.JMeterThread: Thread started: Thread Group 1-18
2020-07-22 16:42:32,445 INFO o.a.j.t.JMeterThread: Thread started: Thread Group 2-18
2020-07-22 16:42:32,464 INFO o.a.j.t.JMeterThread: Thread started: Thread Group 1-19
2020-07-22 16:42:32,478 INFO o.a.j.t.JMeterThread: Thread started: Thread Group 2-19
2020-07-22 16:42:32,497 INFO o.a.j.t.JMeterThread: Thread started: Thread Group 1-20
2020-07-22 16:42:32,509 INFO o.a.j.t.JMeterThread: Thread started: Thread Group 2-20
2020-07-22 16:42:32,531 INFO o.a.j.t.JMeterThread: Thread started: Thread Group 1-21
2020-07-22 16:42:32,542 INFO o.a.j.t.JMeterThread: Thread started: Thread Group 2-21
2020-07-22 16:42:32,562 INFO o.a.j.t.JMeterThread: Thread started: Thread Group 1-22
2020-07-22 16:42:32,574 INFO o.a.j.t.JMeterThread: Thread started: Thread Group 2-22
2020-07-22 16:42:32,596 INFO o.a.j.t.JMeterThread: Thread started: Thread Group 1-23
2020-07-22 16:42:32,608 INFO o.a.j.t.JMeterThread: Thread started: Thread Group 2-23
2020-07-22 16:42:32,629 INFO o.a.j.t.JMeterThread: Thread started: Thread Group 1-24
2020-07-22 16:42:32,641 INFO o.a.j.t.JMeterThread: Thread started: Thread Group 2-24
2020-07-22 16:42:32,662 INFO o.a.j.t.JMeterThread: Thread started: Thread Group 1-25
2020-07-22 16:42:32,673 INFO o.a.j.t.JMeterThread: Thread started: Thread Group 2-25
2020-07-22 16:42:32,694 INFO o.a.j.t.JMeterThread: Thread started: Thread Group 1-26
2020-07-22 16:42:32,709 INFO o.a.j.t.JMeterThread: Thread started: Thread Group 2-26
2020-07-22 16:42:32,730 INFO o.a.j.t.JMeterThread: Thread started: Thread Group 1-27
2020-07-22 16:42:32,741 INFO o.a.j.t.JMeterThread: Thread started: Thread Group 2-27
2020-07-22 16:42:32,762 INFO o.a.j.t.JMeterThread: Thread started: Thread Group 1-28
2020-07-22 16:42:32,776 INFO o.a.j.t.JMeterThread: Thread started: Thread Group 2-28
2020-07-22 16:42:32,798 INFO o.a.j.t.JMeterThread: Thread started: Thread Group 1-29
2020-07-22 16:42:32,805 INFO o.a.j.t.JMeterThread: Thread started: Thread Group 2-29
2020-07-22 16:42:32,828 INFO o.a.j.t.JMeterThread: Thread started: Thread Group 1-30
2020-07-22 16:42:32,839 INFO o.a.j.t.JMeterThread: Thread started: Thread Group 2-30
2020-07-22 16:42:38,034 INFO o.a.j.t.JMeterThread: Thread is done: Thread Group 2-20
2020-07-22 16:42:38,034 INFO o.a.j.t.JMeterThread: Thread finished: Thread Group 2-20
2020-07-22 16:42:38,510 INFO o.a.j.t.JMeterThread: Thread is done: Thread Group 2-14
2020-07-22 16:42:38,510 INFO o.a.j.t.JMeterThread: Thread finished: Thread Group 2-14
2020-07-22 16:42:38,551 INFO o.a.j.t.JMeterThread: Thread is done: Thread Group 2-7
2020-07-22 16:42:38,551 INFO o.a.j.t.JMeterThread: Thread finished: Thread Group 2-7
2020-07-22 16:42:38,610 INFO o.a.j.t.JMeterThread: Thread is done: Thread Group 2-5
2020-07-22 16:42:38,610 INFO o.a.j.t.JMeterThread: Thread finished: Thread Group 2-5
2020-07-22 16:42:38,837 INFO o.a.j.t.JMeterThread: Thread is done: Thread Group 2-2
2020-07-22 16:42:38,837 INFO o.a.j.t.JMeterThread: Thread finished: Thread Group 2-2
2020-07-22 16:42:38,851 INFO o.a.j.t.JMeterThread: Thread is done: Thread Group 2-1
2020-07-22 16:42:38,851 INFO o.a.j.t.JMeterThread: Thread finished: Thread Group 2-1
2020-07-22 16:42:38,963 INFO o.a.j.t.JMeterThread: Thread is done: Thread Group 2-21
2020-07-22 16:42:38,963 INFO o.a.j.t.JMeterThread: Thread finished: Thread Group 2-21
2020-07-22 16:42:39,059 INFO o.a.j.t.JMeterThread: Thread is done: Thread Group 2-19
2020-07-22 16:42:39,060 INFO o.a.j.t.JMeterThread: Thread is done: Thread Group 2-28
2020-07-22 16:42:39,060 INFO o.a.j.t.JMeterThread: Thread finished: Thread Group 2-19
2020-07-22 16:42:39,060 INFO o.a.j.t.JMeterThread: Thread finished: Thread Group 2-28
2020-07-22 16:42:39,068 INFO o.a.j.t.JMeterThread: Thread is done: Thread Group 2-4
2020-07-22 16:42:39,069 INFO o.a.j.t.JMeterThread: Thread finished: Thread Group 2-4
2020-07-22 16:42:39,166 INFO o.a.j.t.JMeterThread: Thread is done: Thread Group 2-3
2020-07-22 16:42:39,167 INFO o.a.j.t.JMeterThread: Thread finished: Thread Group 2-3
2020-07-22 16:42:39,183 INFO o.a.j.t.JMeterThread: Thread is done: Thread Group 2-13
2020-07-22 16:42:39,183 INFO o.a.j.t.JMeterThread: Thread finished: Thread Group 2-13
2020-07-22 16:42:39,258 INFO o.a.j.t.JMeterThread: Thread is done: Thread Group 2-9
2020-07-22 16:42:39,258 INFO o.a.j.t.JMeterThread: Thread is done: Thread Group 2-15
2020-07-22 16:42:39,258 INFO o.a.j.t.JMeterThread: Thread finished: Thread Group 2-15
2020-07-22 16:42:39,258 INFO o.a.j.t.JMeterThread: Thread finished: Thread Group 2-9
2020-07-22 16:42:39,361 INFO o.a.j.t.JMeterThread: Thread is done: Thread Group 2-11
2020-07-22 16:42:39,361 INFO o.a.j.t.JMeterThread: Thread finished: Thread Group 2-11
2020-07-22 16:42:39,419 INFO o.a.j.t.JMeterThread: Thread is done: Thread Group 2-25
2020-07-22 16:42:39,419 INFO o.a.j.t.JMeterThread: Thread finished: Thread Group 2-25
2020-07-22 16:42:39,425 INFO o.a.j.t.JMeterThread: Thread is done: Thread Group 2-30
2020-07-22 16:42:39,425 INFO o.a.j.t.JMeterThread: Thread finished: Thread Group 2-30
2020-07-22 16:42:39,438 INFO o.a.j.t.JMeterThread: Thread is done: Thread Group 2-26
2020-07-22 16:42:39,439 INFO o.a.j.t.JMeterThread: Thread finished: Thread Group 2-26
2020-07-22 16:42:39,474 INFO o.a.j.t.JMeterThread: Thread is done: Thread Group 2-16
2020-07-22 16:42:39,474 INFO o.a.j.t.JMeterThread: Thread finished: Thread Group 2-16
2020-07-22 16:42:39,477 INFO o.a.j.t.JMeterThread: Thread is done: Thread Group 2-10
2020-07-22 16:42:39,477 INFO o.a.j.t.JMeterThread: Thread is done: Thread Group 2-29
2020-07-22 16:42:39,477 INFO o.a.j.t.JMeterThread: Thread finished: Thread Group 2-10
2020-07-22 16:42:39,477 INFO o.a.j.t.JMeterThread: Thread finished: Thread Group 2-29
2020-07-22 16:42:39,633 INFO o.a.j.t.JMeterThread: Thread is done: Thread Group 2-12
2020-07-22 16:42:39,634 INFO o.a.j.t.JMeterThread: Thread finished: Thread Group 2-12
2020-07-22 16:42:39,678 INFO o.a.j.t.JMeterThread: Thread is done: Thread Group 2-18
2020-07-22 16:42:39,678 INFO o.a.j.t.JMeterThread: Thread finished: Thread Group 2-18
2020-07-22 16:42:39,682 INFO o.a.j.t.JMeterThread: Thread is done: Thread Group 2-8
2020-07-22 16:42:39,682 INFO o.a.j.t.JMeterThread: Thread finished: Thread Group 2-8
2020-07-22 16:42:39,757 INFO o.a.j.t.JMeterThread: Thread is done: Thread Group 2-17
2020-07-22 16:42:39,757 INFO o.a.j.t.JMeterThread: Thread finished: Thread Group 2-17
2020-07-22 16:42:39,767 INFO o.a.j.t.JMeterThread: Thread is done: Thread Group 2-23
2020-07-22 16:42:39,767 INFO o.a.j.t.JMeterThread: Thread finished: Thread Group 2-23
2020-07-22 16:42:39,852 INFO o.a.j.t.JMeterThread: Thread is done: Thread Group 2-22
2020-07-22 16:42:39,852 INFO o.a.j.t.JMeterThread: Thread is done: Thread Group 2-27
2020-07-22 16:42:39,852 INFO o.a.j.t.JMeterThread: Thread is done: Thread Group 2-6
2020-07-22 16:42:39,852 INFO o.a.j.t.JMeterThread: Thread finished: Thread Group 2-6
2020-07-22 16:42:39,852 INFO o.a.j.t.JMeterThread: Thread finished: Thread Group 2-27
2020-07-22 16:42:39,852 INFO o.a.j.t.JMeterThread: Thread finished: Thread Group 2-22
2020-07-22 16:42:43,144 INFO o.a.j.t.JMeterThread: Thread is done: Thread Group 2-24
2020-07-22 16:42:43,144 INFO o.a.j.t.JMeterThread: Thread finished: Thread Group 2-24
2020-07-22 16:42:43,918 INFO o.a.j.t.JMeterThread: Thread is done: Thread Group 1-10
2020-07-22 16:42:43,918 INFO o.a.j.t.JMeterThread: Thread finished: Thread Group 1-10
2020-07-22 16:42:45,505 INFO o.a.j.t.JMeterThread: Thread is done: Thread Group 1-2
2020-07-22 16:42:45,505 INFO o.a.j.t.JMeterThread: Thread finished: Thread Group 1-2
2020-07-22 16:42:45,859 INFO o.a.j.t.JMeterThread: Thread is done: Thread Group 1-15
2020-07-22 16:42:45,859 INFO o.a.j.t.JMeterThread: Thread finished: Thread Group 1-15
2020-07-22 16:42:46,000 INFO o.a.j.t.JMeterThread: Thread is done: Thread Group 1-3
2020-07-22 16:42:46,000 INFO o.a.j.t.JMeterThread: Thread finished: Thread Group 1-3
2020-07-22 16:42:46,000 INFO o.a.j.t.JMeterThread: Thread is done: Thread Group 1-11
2020-07-22 16:42:46,000 INFO o.a.j.t.JMeterThread: Thread finished: Thread Group 1-11
2020-07-22 16:42:46,221 INFO o.a.j.t.JMeterThread: Thread is done: Thread Group 1-1
2020-07-22 16:42:46,222 INFO o.a.j.t.JMeterThread: Thread finished: Thread Group 1-1
2020-07-22 16:42:46,269 INFO o.a.j.t.JMeterThread: Thread is done: Thread Group 1-6
2020-07-22 16:42:46,269 INFO o.a.j.t.JMeterThread: Thread finished: Thread Group 1-6
2020-07-22 16:42:46,326 INFO o.a.j.t.JMeterThread: Thread is done: Thread Group 1-14
2020-07-22 16:42:46,327 INFO o.a.j.t.JMeterThread: Thread finished: Thread Group 1-14
2020-07-22 16:42:46,358 INFO o.a.j.t.JMeterThread: Thread is done: Thread Group 1-18
2020-07-22 16:42:46,358 INFO o.a.j.t.JMeterThread: Thread finished: Thread Group 1-18
2020-07-22 16:42:46,408 INFO o.a.j.t.JMeterThread: Thread is done: Thread Group 1-8
2020-07-22 16:42:46,408 INFO o.a.j.t.JMeterThread: Thread finished: Thread Group 1-8
2020-07-22 16:42:46,421 INFO o.a.j.t.JMeterThread: Thread is done: Thread Group 1-19
2020-07-22 16:42:46,421 INFO o.a.j.t.JMeterThread: Thread finished: Thread Group 1-19
2020-07-22 16:42:46,431 INFO o.a.j.t.JMeterThread: Thread is done: Thread Group 1-9
2020-07-22 16:42:46,431 INFO o.a.j.t.JMeterThread: Thread finished: Thread Group 1-9
2020-07-22 16:42:46,578 INFO o.a.j.t.JMeterThread: Thread is done: Thread Group 1-5
2020-07-22 16:42:46,578 INFO o.a.j.t.JMeterThread: Thread finished: Thread Group 1-5
2020-07-22 16:42:46,664 INFO o.a.j.t.JMeterThread: Thread is done: Thread Group 1-7
2020-07-22 16:42:46,665 INFO o.a.j.t.JMeterThread: Thread finished: Thread Group 1-7
2020-07-22 16:42:46,691 INFO o.a.j.t.JMeterThread: Thread is done: Thread Group 1-12
2020-07-22 16:42:46,691 INFO o.a.j.t.JMeterThread: Thread finished: Thread Group 1-12
2020-07-22 16:42:46,776 INFO o.a.j.t.JMeterThread: Thread is done: Thread Group 1-20
2020-07-22 16:42:46,776 INFO o.a.j.t.JMeterThread: Thread is done: Thread Group 1-24
2020-07-22 16:42:46,776 INFO o.a.j.t.JMeterThread: Thread finished: Thread Group 1-24
2020-07-22 16:42:46,776 INFO o.a.j.t.JMeterThread: Thread finished: Thread Group 1-20
2020-07-22 16:42:46,936 INFO o.a.j.t.JMeterThread: Thread is done: Thread Group 1-4
2020-07-22 16:42:46,936 INFO o.a.j.t.JMeterThread: Thread finished: Thread Group 1-4
2020-07-22 16:42:46,946 INFO o.a.j.t.JMeterThread: Thread is done: Thread Group 1-23
2020-07-22 16:42:46,946 INFO o.a.j.t.JMeterThread: Thread is done: Thread Group 1-13
2020-07-22 16:42:46,946 INFO o.a.j.t.JMeterThread: Thread is done: Thread Group 1-26
2020-07-22 16:42:46,946 INFO o.a.j.t.JMeterThread: Thread finished: Thread Group 1-23
2020-07-22 16:42:46,946 INFO o.a.j.t.JMeterThread: Thread finished: Thread Group 1-13
2020-07-22 16:42:46,946 INFO o.a.j.t.JMeterThread: Thread is done: Thread Group 1-21
2020-07-22 16:42:46,946 INFO o.a.j.t.JMeterThread: Thread finished: Thread Group 1-26
2020-07-22 16:42:46,946 INFO o.a.j.t.JMeterThread: Thread finished: Thread Group 1-21
2020-07-22 16:42:47,065 INFO o.a.j.t.JMeterThread: Thread is done: Thread Group 1-17
2020-07-22 16:42:47,066 INFO o.a.j.t.JMeterThread: Thread finished: Thread Group 1-17
2020-07-22 16:42:47,090 INFO o.a.j.t.JMeterThread: Thread is done: Thread Group 1-25
2020-07-22 16:42:47,090 INFO o.a.j.t.JMeterThread: Thread finished: Thread Group 1-25
2020-07-22 16:42:47,091 INFO o.a.j.t.JMeterThread: Thread is done: Thread Group 1-16
2020-07-22 16:42:47,091 INFO o.a.j.t.JMeterThread: Thread is done: Thread Group 1-27
2020-07-22 16:42:47,091 INFO o.a.j.t.JMeterThread: Thread finished: Thread Group 1-16
2020-07-22 16:42:47,091 INFO o.a.j.t.JMeterThread: Thread finished: Thread Group 1-27
2020-07-22 16:42:47,143 INFO o.a.j.t.JMeterThread: Thread is done: Thread Group 1-28
2020-07-22 16:42:47,143 INFO o.a.j.t.JMeterThread: Thread is done: Thread Group 1-30
2020-07-22 16:42:47,144 INFO o.a.j.t.JMeterThread: Thread finished: Thread Group 1-28
2020-07-22 16:42:47,144 INFO o.a.j.t.JMeterThread: Thread finished: Thread Group 1-30
2020-07-22 16:42:47,157 INFO o.a.j.t.JMeterThread: Thread is done: Thread Group 1-22
2020-07-22 16:42:47,157 INFO o.a.j.t.JMeterThread: Thread finished: Thread Group 1-22
2020-07-22 16:42:47,863 INFO o.a.j.t.JMeterThread: Thread is done: Thread Group 1-29
2020-07-22 16:42:47,864 INFO o.a.j.t.JMeterThread: Thread finished: Thread Group 1-29
2020-07-22 16:42:47,864 INFO o.a.j.e.StandardJMeterEngine: Notifying test listeners of end of test
2020-07-22 16:42:47,864 INFO o.a.j.g.u.JMeterMenuBar: setRunning(false, *local*)
